[Stoxhaven.com/index.html]
[backblue.gif]
[fade.gif]
[index.html]
[www.smartsuppchat.com/loaderd41d.js]
[Stoxhaven.com/assets/images/logoIcon/favicon.png]
[Stoxhaven.com/assets/images/logoIcon/logo.png]
[Stoxhaven.com/frontcss/assets/strongfront/new/static/bundles/92191.bb0aa12f5e562fd483f3.css]
[Stoxhaven.com/frontcss/assets/strongfront/new/static/bundles/13423.7a8ac997d6e0cc2dc9e1.css]
[Stoxhaven.com/frontcss/assets/strongfront/new/static/bundles/48986.967172aa72b8f1cd037b.css]
[Stoxhaven.com/frontcss/assets/strongfront/new/static/bundles/88548.e312aba9582fdbab30ab.css]
[Stoxhaven.com/frontcss/assets/strongfront/new/static/bundles/52681.2ddd245b86999e818341.css]
[Stoxhaven.com/frontcss/assets/strongfront/new/static/bundles/967.0f60cbbb71814f84f2f2.css]
[Stoxhaven.com/frontcss/assets/strongfront/new/static/bundles/27781.6fb73275463178efae24.css]
[Stoxhaven.com/frontcss/assets/strongfront/new/static/bundles/89261.c9814cd13e92ac044fd7.css]
[Stoxhaven.com/frontcss/assets/strongfront/new/static/bundles/84452.810ccc5ca2c049ed351e.css]
[Stoxhaven.com/frontcss/assets/strongfront/new/static/bundles/21860.ceafcdea69c2acdde5e1.css]
[Stoxhaven.com/frontcss/assets/strongfront/new/static/bundles/3478.8ed0bc18600914655ef5.css]
[Stoxhaven.com/frontcss/assets/strongfront/new/static/bundles/35289.08978621b3b93e572a0d.css]
[Stoxhaven.com/frontcss/assets/strongfront/new/static/bundles/5993.4705829d0834140ee3f2.css]
[Stoxhaven.com/frontcss/assets/strongfront/new/_next/static/css/0375a78709d283d1.css]
[Stoxhaven.com/frontcss/assets/strongfront/new/static/bundles/34465.303d3d3a2eef8a440230.css]
[Stoxhaven.com/frontcss/assets/strongfront/new/static/bundles/69121.3b7926877c2d7095553f.css]
[Stoxhaven.com/frontcss/assets/strongfront/new/static/bundles/87845.7fc1380d14eed176460c.css]
[Stoxhaven.com/frontcss/assets/strongfront/new/static/bundles/13152.c01911668687a4bfe398.css]
[Stoxhaven.com/frontcss/assets/strongfront/new/static/bundles/84281.ceaa6d39b569eb23b65c.css]
[Stoxhaven.com/frontcss/assets/strongfront/new/static/bundles/68299.896f9db2235355067b76.css]
[Stoxhaven.com/frontcss/assets/strongfront/new/static/bundles/35019.84023cd32a8a2a00f9ad.css]
[Stoxhaven.com/frontcss/assets/strongfront/new/static/bundles/9732.e0ee144568f8decd6585.css]
[Stoxhaven.com/frontcss/assets/strongfront/new/static/bundles/67432.d1ed2e1c6ab9bdf70423.css]
[Stoxhaven.com/frontcss/assets/strongfront/new/static/bundles/32109.4d5de3fbde1cd7dc5e9f.css]
[Stoxhaven.com/frontcss/assets/strongfront/new/static/bundles/9817.5d0098bab0d2d4ea02e5.css]
[Stoxhaven.com/frontcss/assets/strongfront/new/static/bundles/53842.8cf6b523fd5a5b6fb022.css]
[Stoxhaven.com/frontcss/assets/strongfront/new/static/bundles/4015.1d0e3a62a59d173c81f3.css]
[Stoxhaven.com/frontcss/assets/strongfront/new/static/bundles/89842.a124f95c68aef6c6fa6f.css]
[Stoxhaven.com/frontcss/assets/strongfront/new/static/bundles/92483.9f4d9f76923567bd1f04.css]
[Stoxhaven.com/frontcss/assets/strongfront/new/static/bundles/73151.a699c72be5565e942bf2.css]
[Stoxhaven.com/frontcss/assets/strongfront/new/static/bundles/50293.b5ed143639f3bba7577a.css]
[Stoxhaven.com/frontcss/assets/strongfront/new/static/bundles/29928.b414033c036a33d2ce75.css]
[Stoxhaven.com/frontcss/assets/strongfront/new/static/bundles/54690.7401048db4e1840d727b.css]
[Stoxhaven.com/frontcss/assets/strongfront/new/static/bundles/67103.a3c995de46dc0b2d8962.css]
[Stoxhaven.com/frontcss/assets/strongfront/new/static/bundles/17769.f852bf59a658a986617b.css]
[Stoxhaven.com/frontcss/assets/strongfront/new/static/bundles/3436.1bc06c8cd02f291c10e7.css]
[Stoxhaven.com/frontcss/assets/strongfront/new/static/bundles/47341.fd14e313b4fe488bd967.css]
[Stoxhaven.com/frontcss/assets/strongfront/new/static/bundles/5662.c3f9571e25f1bad8d2f9.css]
[Stoxhaven.com/frontcss/assets/strongfront/new/static/bundles/87653.3dde22bc6ea6320f40d6.css]
[Stoxhaven.com/frontcss/assets/strongfront/new/static/bundles/63221.f08186c8c67740544066.css]
[Stoxhaven.com/frontcss/assets/strongfront/new/static/bundles/72639.7b1d42eef7b89e0e96d3.css]
[Stoxhaven.com/frontcss/assets/strongfront/new/static/bundles/66639.885b5577e3fb71ee2bea.css]
[Stoxhaven.com/frontcss/assets/strongfront/new/static/bundles/68992.24f68ad438d604a8b372.css]
[Stoxhaven.com/frontcss/assets/strongfront/new/static/bundles/81643.e4335ef80f6aa690c808.css]
[Stoxhaven.com/frontcss/assets/strongfront/new/static/bundles/542.adbf4824bcf8d547727a.css]
[Stoxhaven.com/frontcss/assets/strongfront/new/static/bundles/45896.775fbfd98545053e1124.css]
[Stoxhaven.com/frontcss/assets/strongfront/new/static/bundles/48155.67cf2ddc01483a4b9276.css]
[Stoxhaven.com/frontcss/assets/strongfront/new/static/bundles/47981.358343797165bede7be4.css]
[Stoxhaven.com/frontcss/assets/strongfront/new/static/bundles/91967.0060be07b52a75af65dc.css]
[Stoxhaven.com/frontcss/assets/strongfront/new/static/bundles/42244.978883064a56316fec98.css]
[Stoxhaven.com/frontcss/assets/strongfront/new/static/bundles/54234.89cadbda6d3c96006d51.css]
[Stoxhaven.com/frontcss/assets/strongfront/new/static/bundles/24490.eea7ba4b4220bf564176.css]
[Stoxhaven.com/frontcss/assets/strongfront/new/static/bundles/50999.e556faa651b72798ea3e.css]
[Stoxhaven.com/frontcss/assets/strongfront/new/static/bundles/76972.249ac8963c880f9eef1f.css]
[Stoxhaven.com/frontcss/assets/strongfront/new/static/bundles/35306.73374539cbea308d5d45.css]
[Stoxhaven.com/frontcss/assets/strongfront/new/static/bundles/65864.af2daad7ef2bf2e98223.css]
[Stoxhaven.com/frontcss/assets/strongfront/new/static/bundles/63101.44843e12845c771865dc.css]
[Stoxhaven.com/frontcss/assets/strongfront/new/static/bundles/98729.9eef950d4f222feaee91.css]
[Stoxhaven.com/frontcss/assets/strongfront/new/static/bundles/78801.a0de15e434b0492d49d4.css]
[Stoxhaven.com/frontcss/assets/strongfront/new/static/bundles/398.d456d756e749b84a1155.css]
[Stoxhaven.com/frontcss/assets/strongfront/new/static/bundles/71793.4a794d42868b6369bbad.css]
[Stoxhaven.com/frontcss/assets/strongfront/new/static/bundles/58666.f8fd2683876492fac869.css]
[Stoxhaven.com/frontcss/assets/strongfront/new/static/bundles/67395.cc8220dc599564fc0ea0.css]
[Stoxhaven.com/frontcss/assets/strongfront/new/static/bundles/82173.485d416fb10a721b180f.css]
[Stoxhaven.com/frontcss/assets/strongfront/new/static/bundles/39164.1ae0452a5758136f4e72.css]
[Stoxhaven.com/frontcss/assets/strongfront/new/static/bundles/929.f8b5afec819ac88b40c5.css]
[Stoxhaven.com/frontcss/assets/strongfront/new/static/bundles/80838.7d46fd071a33dc9268be.css]
[Stoxhaven.com/frontcss/assets/strongfront/new/static/bundles/50735.91379a895295e0f556fc.css]
[Stoxhaven.com/frontcss/assets/strongfront/new/static/bundles/35720.8008ddd838a241f7b4c4.css]
[Stoxhaven.com/frontcss/assets/strongfront/new/static/bundles/31005.af178582892901a0e350.css]
[Stoxhaven.com/frontcss/assets/strongfront/new/static/bundles/57923.f73f196e1035e5cab664.css]
[Stoxhaven.com/frontcss/assets/strongfront/new/static/bundles/79208.459a6e3de09d178aaa81.css]
[Stoxhaven.com/frontcss/assets/strongfront/new/static/bundles/63818.5f1e5840ff951c37c2ea.css]
[Stoxhaven.com/frontcss/assets/strongfront/new/static/bundles/34766.fba34450eb35a39a6c33.css]
[Stoxhaven.com/frontcss/assets/strongfront/new/static/bundles/55119.365a6a99919d91f2404f.css]
[Stoxhaven.com/frontcss/assets/strongfront/new/static/bundles/73942.9c3453db98c77ee1fdf8.css]
[Stoxhaven.com/frontcss/assets/strongfront/new/static/bundles/23136.dd46afd7254daf55e489.css]
[Stoxhaven.com/frontcss/assets/strongfront/new/static/bundles/76491.8df11934079440b12b08.css]
[Stoxhaven.com/frontcss/assets/strongfront/new/static/bundles/8641.c58f28662df204fb9e3e.css]
[Stoxhaven.com/frontcss/assets/strongfront/new/static/bundles/62190.b946302d2693c4884c49.css]
[Stoxhaven.com/frontcss/assets/strongfront/new/static/bundles/7987.74c58a61504a1e4c6f6e.css]
[Stoxhaven.com/frontcss/assets/strongfront/new/static/bundles/27938.4709d27eee7612d1c6e9.css]
[Stoxhaven.com/frontcss/assets/strongfront/new/static/bundles/45214.fb8358c513c3b0b0d1fe.css]
[Stoxhaven.com/frontcss/assets/strongfront/new/static/bundles/61259.ebfc7fc47758af6800e3.css]
[Stoxhaven.com/frontcss/assets/strongfront/new/static/bundles/83031.c8391915e047ce2d4408.css]
[Stoxhaven.com/frontcss/assets/strongfront/new/static/bundles/41265.448a5d5f03980fba3868.css]
[Stoxhaven.com/frontcss/assets/strongfront/new/static/bundles/94304.e836f91c0445126f64c2.css]
[Stoxhaven.com/frontcss/assets/strongfront/new/static/bundles/11287.95a238c5cc61e20c5234.css]
[Stoxhaven.com/frontcss/assets/strongfront/new/static/bundles/3517.978a6d1d8e92a6c95ba2.css]
[Stoxhaven.com/frontcss/assets/strongfront/new/static/bundles/75331.98ff30b34a6533da7b7c.css]
[Stoxhaven.com/frontcss/assets/strongfront/new/static/bundles/31498.c4d7716ec94c9187b66f.css]
[Stoxhaven.com/frontcss/assets/strongfront/new/static/bundles/74213.4432efc52efcccfa94e8.css]
[Stoxhaven.com/frontcss/assets/strongfront/new/static/bundles/88391.de215f3ea860969959b4.css]
[Stoxhaven.com/frontcss/assets/strongfront/new/static/bundles/46530.360a661b0f854a174e1b.css]
[Stoxhaven.com/frontcss/assets/strongfront/new/static/bundles/52300.4891fc13fb9adfddbe6f.css]
[Stoxhaven.com/frontcss/assets/strongfront/new/static/bundles/style2.css]
[Stoxhaven.com/frontcss/assets/strongfront/new/static/bundles/style3.css]
[Stoxhaven.com/frontcss/assets/strongfront/new/static/bundles/runtime.17fe7bdcd1b6a6404242.js]
[Stoxhaven.com/frontcss/assets/strongfront/css/style.css]
[Stoxhaven.com/frontcss/assets/strongfront/new/static/bundles/en.18562.925e7f263978ce952971.js]
[Stoxhaven.com/frontcss/assets/strongfront/new/static/bundles/en.20449.4ca411d6d42ec65405cf.js]
[Stoxhaven.com/frontcss/assets/strongfront/new/static/bundles/en.86466.2c901a36955746d4e302.js]
[Stoxhaven.com/frontcss/assets/strongfront/new/static/bundles/en.39728.6fcd7760a5ffc258114c.js]
[Stoxhaven.com/frontcss/assets/strongfront/new/static/bundles/962.c105f327045268286f99.js]
[Stoxhaven.com/frontcss/assets/strongfront/new/static/bundles/23127.e1a5a557b0a07cfdd28e.js]
[Stoxhaven.com/frontcss/assets/strongfront/new/static/bundles/10726.ffb91505af9c08133b76.js]
[Stoxhaven.com/frontcss/assets/strongfront/new/static/bundles/24951.26214624d376e53ea617.js]
[Stoxhaven.com/frontcss/assets/strongfront/new/static/bundles/43041.a656ae3247ea5fefd20b.js]
[Stoxhaven.com/frontcss/assets/strongfront/new/static/bundles/12688.1c2cdf2fd56ff2cf3d47.js]
[Stoxhaven.com/frontcss/assets/strongfront/new/static/bundles/7672.6463ccd9f83078e3449f.js]
[Stoxhaven.com/frontcss/assets/strongfront/new/static/bundles/30128.1fcc91c63071e0d0a421.js]
[Stoxhaven.com/frontcss/assets/strongfront/new/static/bundles/89810.57dcda1d6ddc84f1dbd8.js]
[Stoxhaven.com/frontcss/assets/strongfront/new/static/bundles/88881.66626496711ef9e04277.js]
[Stoxhaven.com/frontcss/assets/strongfront/new/static/bundles/83912.404e600f713800e44571.js]
[Stoxhaven.com/frontcss/assets/strongfront/new/static/bundles/19482.19b3a70ca16f3540458f.js]
[Stoxhaven.com/frontcss/assets/strongfront/new/static/bundles/8049.223d3407117636a2eacf.js]
[Stoxhaven.com/frontcss/assets/strongfront/new/static/bundles/9858.13295b7221abebb78db5.js]
[Stoxhaven.com/frontcss/assets/strongfront/new/static/bundles/68710.563fa1b9ff89a3e963ef.js]
[Stoxhaven.com/frontcss/assets/strongfront/new/static/bundles/78803.ca2e48ca0ceda3e8cb08.js]
[Stoxhaven.com/frontcss/assets/strongfront/new/static/bundles/16026.e4d83b5e65af9f60292e.js]
[Stoxhaven.com/frontcss/assets/strongfront/new/static/bundles/39901.a3ee81d53f57ab38f364.js]
[Stoxhaven.com/frontcss/assets/strongfront/new/static/bundles/base.95384642193e9a623b10.js]
[static.tradingview.com/static/bundles/runtime.17fe7bdcd1b6a6404242.js]
[static.tradingview.com/static/bundles/39901.a3ee81d53f57ab38f364.js]
[Stoxhaven.com/String(location]
[Stoxhaven.com/e]
[Stoxhaven.com/GET]
[Stoxhaven.com/frontcss/assets/strongfront/new/static/bundles/20941.9255829f84c650250fc0.css]
[Stoxhaven.com/frontcss/assets/strongfront/new/static/bundles/60689.b0beb07b68ee5a30ef8d.css]
[Stoxhaven.com/overview.html]
[Stoxhaven.com/user/register.html]
[Stoxhaven.com/user/login.html]
[static.tradingview.com/static/bundles/main_page_promo.13ae175604649ca0213f.js]
[static.tradingview.com/static/bundles/en.99562.a10a220f3745f666e84c.js]
[static.tradingview.com/static/bundles/9527.f97b8510b98da2a43cd2.js]
[static.tradingview.com/static/bundles/89282.ce63fc51ca197935c6b6.js]
[Stoxhaven.com/frontcss/assets/strongfront/new/_next/asset-fb.svg]
[Stoxhaven.com/frontcss/assets/strongfront/new/_next/asset-mcdonalds.svg]
[Stoxhaven.com/frontcss/assets/strongfront/new/_next/asset-tesla.svg]
[Stoxhaven.com/frontcss/assets/strongfront/new/_next/asset-google.svg]
[Stoxhaven.com/frontcss/assets/strongfront/new/_next/asset-apple.svg]
[Stoxhaven.com/frontcss/assets/strongfront/new/_next/heavily-regulated.png]
[Stoxhaven.com/frontcss/assets/strongfront/new/_next/best-price.png]
[Stoxhaven.com/frontcss/assets/strongfront/new/_next/img-leverage-up.png]
[Stoxhaven.com/frontcss/assets/strongfront/new/_next/striped-background-colored.png]
[Stoxhaven.com/frontcss/assets/strongfront/new/_next/striped-background-3-m.png]
[Stoxhaven.com/frontcss/assets/strongfront/update/how-does-autocopy/hero/poster.png]
[Stoxhaven.com/frontcss/assets/strongfront/update/trading-forex/hero/icon1.svg]
[Stoxhaven.com/frontcss/assets/strongfront/update/common/hero-bottom-items-icons/icon2--variant-dollar.svg]
[Stoxhaven.com/frontcss/assets/strongfront/update/common/hero-bottom-items-icons/icon3--variant-tick.svg]
[Stoxhaven.com/frontcss/assets/strongfront/update/how-does-autocopy/roadmap/balloons3.png]
[Stoxhaven.com/frontcss/assets/strongfront/update/how-does-autocopy/roadmap/img2.png]
[Stoxhaven.com/frontcss/assets/strongfront/update/how-does-autocopy/roadmap/img1.jpg]
[Stoxhaven.com/frontcss/assets/strongfront/update/discover-stock-trading-with-naga/start-trading/icon-1.svg]
[Stoxhaven.com/frontcss/assets/strongfront/update/common/start-trading/video-1.mp4]
[Stoxhaven.com/frontcss/assets/strongfront/update/discover-stock-trading-with-naga/start-trading/icon-2.svg]
[Stoxhaven.com/frontcss/assets/strongfront/update/common/start-trading/video-2.mp4]
[Stoxhaven.com/frontcss/assets/strongfront/update/common/start-trading/video-3.mp4]
[Stoxhaven.com/frontcss/assets/strongfront/update/common/start-trading/video-4.mp4]
[Stoxhaven.com/frontcss/assets/strongfront/update/new-main-page/try-copy-trading/trader-manual/img-desk.jpg]
[Stoxhaven.com/frontcss/assets/strongfront/new/_next/img-sharesHeader.png]
[Stoxhaven.com/frontcss/assets/strongfront/new/_next/img-forexHeader.png]
[Stoxhaven.com/frontcss/assets/strongfront/new/_next/img-cyrptoCurrencyHeader.png]
[Stoxhaven.com/frontcss/assets/strongfront/update/partners-program/strongplatform/check.svg]
[Stoxhaven.com/frontcss/assets/strongfront/update/partners-program/strongplatform/image-1.png]
[Stoxhaven.com/frontcss/assets/strongfront/update/new-main-page/why-choose-naga/img-new.jpg]
[Stoxhaven.com/frontcss/assets/strongfront/update/partners-program/strongplatform/image-2.png]
[Stoxhaven.com/frontcss/assets/strongfront/images/spread-step-mbl-01.webp]
[Stoxhaven.com/spreads.html]
[Stoxhaven.com/frontcss/assets/strongfront/images/spread-step-01.webp]
[Stoxhaven.com/frontcss/assets/strongfront/images/spread-step-02.webp]
[Stoxhaven.com/virtual-private-server.html]
[Stoxhaven.com/frontcss/assets/strongfront/images/spread-step-03.webp]
[Stoxhaven.com/frontcss/assets/strongfront/new/_next/homeIbSectionImage.png]
[Stoxhaven.com/frontcss/assets/strongfront/new/_next/securityOfFundsSectionImage.png]
[Stoxhaven.com/frontcss/assets/strongfront/update/new-main-page/working-benefits/img-1.jpg]
[Stoxhaven.com/frontcss/assets/strongfront/update/new-main-page/working-benefits/img-2.jpg]
[Stoxhaven.com/frontcss/assets/strongfront/update/new-main-page/working-benefits/img-3.jpg]
[Stoxhaven.com/frontcss/assets/strongfront/update/new-main-page/working-benefits/img-4.jpg]
[Stoxhaven.com/frontcss/assets/custom.css]
[Stoxhaven.com/frontcss/assets/strongfront/new/_next/img-fundAccount-3d.png]
[Stoxhaven.com/range-of-markets.html]
[cdn-icons-png.flaticon.com/512/5968/5968260.png]
[cdn-icons-png.flaticon.com/512/6001/6001566.png]
[icons.iconarchive.com/icons/cjdowner/cryptocurrency-flat/512/Binance-Coin-BNB-icon.png]
[icons.iconarchive.com/icons/cjdowner/cryptocurrency-flat/512/Ethereum-ETH-icon.png]
[cdn-icons-png.flaticon.com/512/6001/6001356.png]
[png.pngtree.com/png-vector/20220606/ourmid/pngtree-litecoin-ltc-token-symbol-cryptocurrency-logo-png-image_4865950.png]
[Stoxhaven.com/frontcss/assets/global/animatenot.min.css]
[Stoxhaven.com/frontcss/assets/global/jquerynot.min.js]
[static.tradingview.com/static/bundles/17871.1f72313828525cec743d.css]
[static.tradingview.com/static/bundles/56219.f8fd13c14e52b6e90c5b.css]
[Stoxhaven.com/frontcss/assets/strongfront/new/_next/rocket.png]
[Stoxhaven.com/frontcss/assets/strongfront/new/_next/rocket-m.png]
[Stoxhaven.com/regulations]
[Stoxhaven.com/stocks.html]
[Stoxhaven.com/trading-hours.html]
[Stoxhaven.com/insurance.html]
[Stoxhaven.com/contact-us.html]
[Stoxhaven.com/careers.html]
[Stoxhaven.com/aboutus.html]
[Stoxhaven.com/trading-conditions.html]
[Stoxhaven.com/expert-traders.html]
[Stoxhaven.com/cdn-cgi/scripts/5c5dd728/cloudflare-static/email-decode.min.js]
[Stoxhaven.com/frontcss/assets/strongfront/new/_next/static/chunks/polyfills-78c92fac7aa8fdd8.js]
[Stoxhaven.com/frontcss/assets/strongfront/new/_next/static/chunks/webpack-619ca66bbe1f25f8.js]
[Stoxhaven.com/frontcss/assets/strongfront/new/_next/static/chunks/bce60fc1-f566269e53606c30.js]
[Stoxhaven.com/frontcss/assets/strongfront/new/_next/static/chunks/5769-fefcd78fe8b3b011.js]
[Stoxhaven.com/frontcss/assets/strongfront/new/_next/static/chunks/main-app-89d35eafd3fd61a8.js]
[Stoxhaven.com/frontcss/assets/strongfront/images/trustpilot-icon-fsa.webp]
[Stoxhaven.com/index.html]
[Stoxhaven.com/frontcss/assets/strongfront/new/static/bundles/92191.bb0aa12f5e562fd483f3.css]
[Stoxhaven.com/frontcss/assets/strongfront/new/static/bundles/13423.7a8ac997d6e0cc2dc9e1.css]
[Stoxhaven.com/frontcss/assets/strongfront/new/static/bundles/48986.967172aa72b8f1cd037b.css]
[Stoxhaven.com/frontcss/assets/strongfront/new/static/bundles/88548.e312aba9582fdbab30ab.css]
[cdnjs.cloudflare.com/ajax/libs/jquery/3.6.3/jquery.min.js]
[Stoxhaven.com/frontcss/assets/strongfront/new/static/bundles/Semibold-WebXL-cirillic.41e2189761adad56d375.woff2]
[Stoxhaven.com/frontcss/assets/strongfront/new/static/bundles/Semibold-WebXL-cirillic-ext.0639e7c9c951cb7d0235.woff2]
[Stoxhaven.com/frontcss/assets/strongfront/new/static/bundles/Semibold-WebXL-latin.04322f0d7f6c0b5ec4c3.woff2]
[Stoxhaven.com/frontcss/assets/strongfront/new/static/bundles/Semibold-WebXL-latin-ext.e64627b2d70bc502d2e6.woff2]
[Stoxhaven.com/frontcss/assets/strongfront/new/static/bundles/Semibold-WebXL-vietnamese.72695846f58d94c4caaa.woff2]
[Stoxhaven.com/frontcss/assets/strongfront/new/static/bundles/Semibold-WebXL-greek.8e69b0b0802f20ac68b3.woff2]
[Stoxhaven.com/frontcss/assets/strongfront/new/static/bundles/Semibold-WebXL-greek-ext.8e69b0b0802f20ac68b3.woff2]
[Stoxhaven.com/frontcss/assets/strongfront/new/static/bundles/Semibold-WebXL.d9b53cafbe165510ca67.woff2]
[Stoxhaven.com/frontcss/assets/strongfront/new/static/bundles/52681.2ddd245b86999e818341.css]
[Stoxhaven.com/frontcss/assets/strongfront/new/static/bundles/36953.b15d49f57b48cbe20373.css]
[Stoxhaven.com/frontcss/assets/strongfront/new/static/bundles/967.0f60cbbb71814f84f2f2.css]
[Stoxhaven.com/frontcss/assets/strongfront/new/static/bundles/27781.6fb73275463178efae24.css]
[Stoxhaven.com/frontcss/assets/strongfront/new/static/bundles/89261.c9814cd13e92ac044fd7.css]
[Stoxhaven.com/frontcss/assets/strongfront/new/static/bundles/84452.810ccc5ca2c049ed351e.css]
[Stoxhaven.com/frontcss/assets/strongfront/new/static/bundles/21860.ceafcdea69c2acdde5e1.css]
[Stoxhaven.com/frontcss/assets/strongfront/new/static/bundles/68306.35d603ad18c9c8fe3635.css]
[Stoxhaven.com/frontcss/assets/strongfront/new/static/bundles/about-circle-small.9063d612fc1eb47c27b0.svg]
[Stoxhaven.com/frontcss/assets/strongfront/new/static/bundles/about-circle-large.b5caec23086ad029a5b6.svg]
[Stoxhaven.com/frontcss/assets/strongfront/new/static/bundles/about-pine-small.f0876376df429a92a3cd.svg]
[Stoxhaven.com/frontcss/assets/strongfront/new/static/bundles/about-pine-large.bd11958e344a20ec50b9.svg]
[Stoxhaven.com/frontcss/assets/strongfront/new/static/bundles/about-star-small.7dc5df789e8e3560008a.svg]
[Stoxhaven.com/frontcss/assets/strongfront/new/static/bundles/about-star-large.6bcda2103cf40c4a8eaa.svg]
[Stoxhaven.com/frontcss/assets/strongfront/new/static/bundles/about-top-small.b4aae6e519d536547c56.svg]
[Stoxhaven.com/frontcss/assets/strongfront/new/static/bundles/about-top-large.942b231958deceeaeea7.svg]
[Stoxhaven.com/frontcss/assets/strongfront/new/static/bundles/3478.8ed0bc18600914655ef5.css]
[Stoxhaven.com/frontcss/assets/strongfront/new/static/bundles/tagline-small.a53678a3608a19689759.svg]
[Stoxhaven.com/frontcss/assets/strongfront/new/static/bundles/tagline-medium.ceaa758fb90c53a04611.svg]
[Stoxhaven.com/frontcss/assets/strongfront/new/static/bundles/35289.08978621b3b93e572a0d.css]
[Stoxhaven.com/frontcss/assets/strongfront/new/static/bundles/tagline-large.cbae0073eb439289966b.svg]
[Stoxhaven.com/frontcss/assets/strongfront/new/bullet-point-gradient-outline.svg]
[Stoxhaven.com/frontcss/assets/strongfront/new/_next/static/css/0375a78709d283d1.css]
[Stoxhaven.com/frontcss/assets/strongfront/new/static/bundles/5993.4705829d0834140ee3f2.css]
[Stoxhaven.com/frontcss/assets/strongfront/new/static/bundles/34465.303d3d3a2eef8a440230.css]
[Stoxhaven.com/frontcss/assets/strongfront/new/static/bundles/69121.3b7926877c2d7095553f.css]
[Stoxhaven.com/frontcss/assets/strongfront/new/static/bundles/87845.7fc1380d14eed176460c.css]
[Stoxhaven.com/frontcss/assets/strongfront/new/static/bundles/13152.c01911668687a4bfe398.css]
[Stoxhaven.com/frontcss/assets/strongfront/new/static/bundles/84281.ceaa6d39b569eb23b65c.css]
[Stoxhaven.com/frontcss/assets/strongfront/new/static/bundles/68299.896f9db2235355067b76.css]
[Stoxhaven.com/frontcss/assets/strongfront/new/static/bundles/35019.84023cd32a8a2a00f9ad.css]
[Stoxhaven.com/frontcss/assets/strongfront/new/static/bundles/tesla_icon@2x.webp]
[Stoxhaven.com/frontcss/assets/strongfront/new/static/bundles/fb_icon@2x.webp]
[Stoxhaven.com/frontcss/assets/strongfront/new/static/bundles/ExpertOption/eo_icon@2x.webp]
[Stoxhaven.com/frontcss/assets/strongfront/new/static/bundles/netflix_icon@2x.webp]
[Stoxhaven.com/frontcss/assets/strongfront/new/static/bundles/apple_icon@2x.webp]
[Stoxhaven.com/frontcss/assets/strongfront/new/static/bundles/ibm_icon@2x.webp]
[Stoxhaven.com/frontcss/assets/strongfront/new/static/bundles/google_icon@2x.webp]
[Stoxhaven.com/frontcss/assets/strongfront/new/static/bundles/blink@2x.webp]
[Stoxhaven.com/frontcss/assets/strongfront/new/static/bundles/device@2x.webp]
[Stoxhaven.com/frontcss/assets/strongfront/new/static/bundles/header@2x.webp]
[Stoxhaven.com/frontcss/assets/strongfront/new/static/bundles/assets_list@2x.webp]
[Stoxhaven.com/frontcss/assets/strongfront/new/static/bundles/stocks@2x.webp]
[Stoxhaven.com/frontcss/assets/strongfront/new/static/bundles/indices@2x.webp]
[Stoxhaven.com/frontcss/assets/strongfront/new/static/bundles/metals@2x.webp]
[Stoxhaven.com/frontcss/assets/strongfront/new/static/bundles/commodities@2x.webp]
[Stoxhaven.com/frontcss/assets/strongfront/new/static/bundles/etf@2x.webp]
[Stoxhaven.com/frontcss/assets/strongfront/new/static/bundles/9732.e0ee144568f8decd6585.css]
[Stoxhaven.com/frontcss/assets/strongfront/new/static/bundles/frame-mobile.0d05ed01510d724224d9.svg]
[Stoxhaven.com/frontcss/assets/strongfront/new/static/bundles/frame.b81b5210b01dcd7d3009.svg]
[Stoxhaven.com/frontcss/assets/strongfront/new/static/bundles/67432.d1ed2e1c6ab9bdf70423.css]
[Stoxhaven.com/frontcss/assets/strongfront/new/static/bundles/32109.4d5de3fbde1cd7dc5e9f.css]
[Stoxhaven.com/frontcss/assets/strongfront/new/static/bundles/9817.5d0098bab0d2d4ea02e5.css]
[Stoxhaven.com/frontcss/assets/strongfront/new/static/bundles/53842.8cf6b523fd5a5b6fb022.css]
[Stoxhaven.com/frontcss/assets/strongfront/new/static/bundles/4015.1d0e3a62a59d173c81f3.css]
[Stoxhaven.com/frontcss/assets/strongfront/new/static/bundles/89842.a124f95c68aef6c6fa6f.css]
[Stoxhaven.com/frontcss/assets/strongfront/new/static/bundles/54712.a33c76f5549cc7102e61.css]
[Stoxhaven.com/frontcss/assets/strongfront/new/static/bundles/92483.9f4d9f76923567bd1f04.css]
[Stoxhaven.com/frontcss/assets/strongfront/new/static/bundles/73151.a699c72be5565e942bf2.css]
[Stoxhaven.com/frontcss/assets/strongfront/new/static/bundles/50293.b5ed143639f3bba7577a.css]
[Stoxhaven.com/frontcss/assets/strongfront/new/static/bundles/29928.b414033c036a33d2ce75.css]
[Stoxhaven.com/frontcss/assets/strongfront/new/static/bundles/54690.7401048db4e1840d727b.css]
[Stoxhaven.com/frontcss/assets/strongfront/new/static/bundles/67103.a3c995de46dc0b2d8962.css]
[Stoxhaven.com/frontcss/assets/strongfront/new/static/bundles/icons.4d39018d0766cf7006bc.png]
[Stoxhaven.com/frontcss/assets/strongfront/new/static/bundles/linewidth-slider.8e3d0520d28ce8259ccf.png]
[Stoxhaven.com/frontcss/assets/strongfront/new/static/bundles/opacity-slider.4f3ca6b00b45fd71da5f.png]
[Stoxhaven.com/frontcss/assets/strongfront/new/static/bundles/large-slider-handle.18e9ee5923db4eac2c43.svg]
[Stoxhaven.com/frontcss/assets/strongfront/new/static/bundles/17769.f852bf59a658a986617b.css]
[Stoxhaven.com/frontcss/assets/strongfront/new/static/bundles/3436.1bc06c8cd02f291c10e7.css]
[Stoxhaven.com/frontcss/assets/strongfront/new/static/bundles/42254.6540b82a69b7553410b0.css]
[Stoxhaven.com/frontcss/assets/strongfront/new/static/bundles/47341.fd14e313b4fe488bd967.css]
[Stoxhaven.com/frontcss/assets/strongfront/new/static/bundles/5662.c3f9571e25f1bad8d2f9.css]
[Stoxhaven.com/frontcss/assets/strongfront/new/static/bundles/87653.3dde22bc6ea6320f40d6.css]
[Stoxhaven.com/frontcss/assets/strongfront/new/static/bundles/63221.f08186c8c67740544066.css]
[Stoxhaven.com/frontcss/assets/strongfront/new/static/bundles/72639.7b1d42eef7b89e0e96d3.css]
[Stoxhaven.com/frontcss/assets/strongfront/new/static/bundles/66639.885b5577e3fb71ee2bea.css]
[Stoxhaven.com/frontcss/assets/strongfront/new/static/bundles/68992.24f68ad438d604a8b372.css]
[Stoxhaven.com/frontcss/assets/strongfront/new/static/bundles/81643.e4335ef80f6aa690c808.css]
[Stoxhaven.com/frontcss/assets/strongfront/new/static/bundles/542.adbf4824bcf8d547727a.css]
[Stoxhaven.com/frontcss/assets/strongfront/new/static/bundles/45896.775fbfd98545053e1124.css]
[Stoxhaven.com/frontcss/assets/strongfront/new/static/bundles/48155.67cf2ddc01483a4b9276.css]
[Stoxhaven.com/frontcss/assets/strongfront/new/static/bundles/34545.78f7c9a7761d9f4a6f41.css]
[Stoxhaven.com/frontcss/assets/strongfront/new/static/bundles/47981.358343797165bede7be4.css]
[Stoxhaven.com/frontcss/assets/strongfront/new/static/bundles/91967.0060be07b52a75af65dc.css]
[Stoxhaven.com/frontcss/assets/strongfront/new/static/bundles/42244.978883064a56316fec98.css]
[Stoxhaven.com/frontcss/assets/strongfront/new/static/bundles/50938.3e3dd33e5956cd48f149.css]
[Stoxhaven.com/frontcss/assets/strongfront/new/static/bundles/important.0fd1a6de4c695ed4407d.svg]
[Stoxhaven.com/frontcss/assets/strongfront/new/static/bundles/54234.89cadbda6d3c96006d51.css]
[Stoxhaven.com/frontcss/assets/strongfront/new/static/bundles/24490.eea7ba4b4220bf564176.css]
[Stoxhaven.com/frontcss/assets/strongfront/new/static/bundles/50999.e556faa651b72798ea3e.css]
[Stoxhaven.com/frontcss/assets/strongfront/new/static/bundles/76972.249ac8963c880f9eef1f.css]
[Stoxhaven.com/frontcss/assets/strongfront/new/static/bundles/35306.73374539cbea308d5d45.css]
[Stoxhaven.com/frontcss/assets/strongfront/new/static/bundles/65864.af2daad7ef2bf2e98223.css]
[Stoxhaven.com/frontcss/assets/strongfront/new/static/bundles/63101.44843e12845c771865dc.css]
[Stoxhaven.com/frontcss/assets/strongfront/new/static/bundles/89053.97026c0e538f865cdcb7.css]
[Stoxhaven.com/frontcss/assets/strongfront/new/static/bundles/98729.9eef950d4f222feaee91.css]
[Stoxhaven.com/frontcss/assets/strongfront/new/static/bundles/78801.a0de15e434b0492d49d4.css]
[Stoxhaven.com/frontcss/assets/strongfront/new/static/bundles/398.d456d756e749b84a1155.css]
[Stoxhaven.com/frontcss/assets/strongfront/new/static/bundles/71793.4a794d42868b6369bbad.css]
[Stoxhaven.com/frontcss/assets/strongfront/new/static/bundles/58666.f8fd2683876492fac869.css]
[Stoxhaven.com/frontcss/assets/strongfront/new/static/bundles/ba-of-the-year.5daaddca8bd666e9d199.svg]
[Stoxhaven.com/frontcss/assets/strongfront/new/static/bundles/ba-popular.7d4607a25db3f0d01f94.svg]
[Stoxhaven.com/frontcss/assets/strongfront/new/static/bundles/ba-social-champion.c03faf820851c2fa78cf.svg]
[Stoxhaven.com/frontcss/assets/strongfront/new/static/bundles/ba-innovative-tech.fd08900afc85f0f55b19.svg]
[Stoxhaven.com/frontcss/assets/strongfront/new/static/bundles/ba-multi-asset.9048cc2eb6aeb88bd57c.svg]
[Stoxhaven.com/frontcss/assets/strongfront/new/static/bundles/ba-futures.6a25ea8ade55e1758b71.svg]
[Stoxhaven.com/frontcss/assets/strongfront/new/static/bundles/ba-forex-and-cfd.a4e01823f150bb842b1c.svg]
[Stoxhaven.com/frontcss/assets/strongfront/new/static/bundles/ba-crypto.edde9fe65b717bd661d8.svg]
[Stoxhaven.com/frontcss/assets/strongfront/new/static/bundles/ba-of-the-year-2021.1306b03a04bd47df78f1.svg]
[Stoxhaven.com/frontcss/assets/strongfront/new/static/bundles/ba-popular-2021.f675d9e2a45b4da0428a.svg]
[Stoxhaven.com/frontcss/assets/strongfront/new/static/bundles/ba-social-champion-2021.215e9d330a8f40b48f95.svg]
[Stoxhaven.com/frontcss/assets/strongfront/new/static/bundles/ba-innovative-tech-2021.0fa5da629b6ad7c97330.svg]
[Stoxhaven.com/frontcss/assets/strongfront/new/static/bundles/ba-multi-asset-2021.a829796c0930392ce996.svg]
[Stoxhaven.com/frontcss/assets/strongfront/new/static/bundles/ba-futures-2021.28f879c91128c054a86e.svg]
[Stoxhaven.com/frontcss/assets/strongfront/new/static/bundles/ba-forex-and-cfd-2021.d23b43fb573e2088dd7d.svg]
[Stoxhaven.com/frontcss/assets/strongfront/new/static/bundles/ba-crypto-2021.2252086650733b9d7c25.svg]
[Stoxhaven.com/frontcss/assets/strongfront/new/static/bundles/ba-of-the-year-2022.3ab4215352fe8e76886c.svg]
[Stoxhaven.com/frontcss/assets/strongfront/new/static/bundles/ba-popular-2022.2ec733a262a7f4a5511a.svg]
[Stoxhaven.com/frontcss/assets/strongfront/new/static/bundles/ba-social-champion-2022.5aff43bc6f9472bc68b6.svg]
[Stoxhaven.com/frontcss/assets/strongfront/new/static/bundles/ba-innovative-tech-2022.254679ead6b35e174470.svg]
[Stoxhaven.com/frontcss/assets/strongfront/new/static/bundles/ba-multi-asset-2022.2db47d048d6564c14b76.svg]
[Stoxhaven.com/frontcss/assets/strongfront/new/static/bundles/ba-futures-2022.153172989b1e4483641d.svg]
[Stoxhaven.com/frontcss/assets/strongfront/new/static/bundles/ba-forex-and-cfd-2022.c03f6a611ab610d7e6b3.svg]
[Stoxhaven.com/frontcss/assets/strongfront/new/static/bundles/ba-crypto-2022.661e23b51f326d7bd2cd.svg]
[Stoxhaven.com/frontcss/assets/strongfront/new/static/bundles/ba-of-the-year-2023.62a70d8f5a7d9c7acde4.svg]
[Stoxhaven.com/frontcss/assets/strongfront/new/static/bundles/ba-social-champion-2023.14d0def9cfebc8fb92aa.svg]
[Stoxhaven.com/frontcss/assets/strongfront/new/static/bundles/ba-newcomer-2023.5d91b6e4aa381dd81e56.svg]
[Stoxhaven.com/frontcss/assets/strongfront/new/static/bundles/ba-reliable-tech-2023.4dfd9af737fd9eedb749.svg]
[Stoxhaven.com/frontcss/assets/strongfront/new/static/bundles/ba-multi-asset-2023.ab335f4a8f447d7af70d.svg]
[Stoxhaven.com/frontcss/assets/strongfront/new/static/bundles/ba-stocks-2023.22465473568796d5b43a.svg]
[Stoxhaven.com/frontcss/assets/strongfront/new/static/bundles/ba-futures-2023.be28720f7c117f17bed8.svg]
[Stoxhaven.com/frontcss/assets/strongfront/new/static/bundles/ba-forex-and-cfd-2023.5124dc92fbd75c02d5c5.svg]
[Stoxhaven.com/frontcss/assets/strongfront/new/static/bundles/ba-crypto-2023.31fdc5f68abe5d794207.svg]
[Stoxhaven.com/frontcss/assets/strongfront/new/static/bundles/ba-region-amer-2023.1f505817e43b592543f9.svg]
[Stoxhaven.com/frontcss/assets/strongfront/new/static/bundles/ba-region-apac-2023.ca4db57c29d41ad67e13.svg]
[Stoxhaven.com/frontcss/assets/strongfront/new/static/bundles/67395.cc8220dc599564fc0ea0.css]
[Stoxhaven.com/frontcss/assets/strongfront/new/static/bundles/82173.485d416fb10a721b180f.css]
[Stoxhaven.com/frontcss/assets/strongfront/new/static/bundles/39164.1ae0452a5758136f4e72.css]
[Stoxhaven.com/frontcss/assets/strongfront/new/static/bundles/929.f8b5afec819ac88b40c5.css]
[Stoxhaven.com/frontcss/assets/strongfront/new/static/bundles/81608.2fb95e8519c00bcf2273.css]
[Stoxhaven.com/frontcss/assets/strongfront/new/static/bundles/80838.7d46fd071a33dc9268be.css]
[Stoxhaven.com/frontcss/assets/strongfront/new/static/bundles/50735.91379a895295e0f556fc.css]
[Stoxhaven.com/frontcss/assets/strongfront/new/static/bundles/35720.8008ddd838a241f7b4c4.css]
[Stoxhaven.com/frontcss/assets/strongfront/new/static/bundles/ba-region-emea-2023.d221ad0d955fc3f8d327.svg]
[Stoxhaven.com/frontcss/assets/strongfront/new/static/bundles/31005.af178582892901a0e350.css]
[Stoxhaven.com/frontcss/assets/strongfront/new/static/bundles/57923.f73f196e1035e5cab664.css]
[Stoxhaven.com/frontcss/assets/strongfront/new/static/bundles/ghost-with-hands.2793944e66fecc8365f8.svg]
[Stoxhaven.com/frontcss/assets/strongfront/new/static/bundles/ghost-with-hands-dark.98290f22cb2258189f72.svg]
[Stoxhaven.com/frontcss/assets/strongfront/new/static/bundles/79208.459a6e3de09d178aaa81.css]
[Stoxhaven.com/frontcss/assets/strongfront/new/static/bundles/63818.5f1e5840ff951c37c2ea.css]
[Stoxhaven.com/frontcss/assets/strongfront/new/static/bundles/34766.fba34450eb35a39a6c33.css]
[Stoxhaven.com/frontcss/assets/strongfront/new/static/bundles/55119.365a6a99919d91f2404f.css]
[Stoxhaven.com/frontcss/assets/strongfront/new/static/bundles/73942.9c3453db98c77ee1fdf8.css]
[Stoxhaven.com/frontcss/assets/strongfront/new/static/bundles/23136.dd46afd7254daf55e489.css]
[Stoxhaven.com/frontcss/assets/strongfront/new/static/bundles/76491.8df11934079440b12b08.css]
[Stoxhaven.com/frontcss/assets/strongfront/new/static/bundles/8641.c58f28662df204fb9e3e.css]
[Stoxhaven.com/frontcss/assets/strongfront/new/static/bundles/62190.b946302d2693c4884c49.css]
[Stoxhaven.com/frontcss/assets/strongfront/new/static/bundles/7987.74c58a61504a1e4c6f6e.css]
[Stoxhaven.com/frontcss/assets/strongfront/new/static/bundles/27938.4709d27eee7612d1c6e9.css]
[Stoxhaven.com/frontcss/assets/strongfront/new/static/bundles/45214.fb8358c513c3b0b0d1fe.css]
[Stoxhaven.com/frontcss/assets/strongfront/new/static/bundles/61259.ebfc7fc47758af6800e3.css]
[Stoxhaven.com/frontcss/assets/strongfront/new/static/bundles/83031.c8391915e047ce2d4408.css]
[Stoxhaven.com/frontcss/assets/strongfront/new/static/bundles/41265.448a5d5f03980fba3868.css]
[Stoxhaven.com/frontcss/assets/strongfront/new/static/bundles/94304.e836f91c0445126f64c2.css]
[Stoxhaven.com/frontcss/assets/strongfront/new/static/bundles/11287.95a238c5cc61e20c5234.css]
[Stoxhaven.com/frontcss/assets/strongfront/new/static/bundles/3517.978a6d1d8e92a6c95ba2.css]
[Stoxhaven.com/frontcss/assets/strongfront/new/static/bundles/75331.98ff30b34a6533da7b7c.css]
[Stoxhaven.com/frontcss/assets/strongfront/new/static/bundles/12442.aedf4c7391e0bc2ae93a.css]
[Stoxhaven.com/frontcss/assets/strongfront/new/static/bundles/plant-pot.e3e9e54902b5a60a601c.svg]
[Stoxhaven.com/frontcss/assets/strongfront/new/static/bundles/landscape.25994e5ecc2c6a5337bf.svg]
[Stoxhaven.com/frontcss/assets/strongfront/new/static/bundles/loser.6f0f921f94e5eb78e68b.svg]
[Stoxhaven.com/frontcss/assets/strongfront/new/static/bundles/victory.78bd7860e6f458602323.svg]
[Stoxhaven.com/frontcss/assets/strongfront/new/static/bundles/bird.5adb4803c05cdcc2ec49.svg]
[Stoxhaven.com/frontcss/assets/strongfront/new/static/bundles/giraffe.21598b1803279552e90b.svg]
[Stoxhaven.com/frontcss/assets/strongfront/new/static/bundles/31498.c4d7716ec94c9187b66f.css]
[Stoxhaven.com/frontcss/assets/strongfront/new/static/bundles/74213.4432efc52efcccfa94e8.css]
[Stoxhaven.com/frontcss/assets/strongfront/new/static/bundles/88391.de215f3ea860969959b4.css]
[Stoxhaven.com/frontcss/assets/strongfront/new/static/bundles/46530.360a661b0f854a174e1b.css]
[Stoxhaven.com/frontcss/assets/strongfront/new/static/bundles/52300.4891fc13fb9adfddbe6f.css]
[Stoxhaven.com/frontcss/assets/strongfront/new/static/bundles/77009.a5d58c3c118313f4c845.css]
[Stoxhaven.com/images/common/fixed-bars/cookie.png]
[Stoxhaven.com/images/main-page/help-section/arrow.svg]
[Stoxhaven.com/images/new-main-page/try-copy-trading/arrow.svg]
[Stoxhaven.com/images/partners-page/partners-blog/calendar.svg]
[Stoxhaven.com/frontcss/assets/strongfront/update/discover-copy-trading-with-naga/diverse/img-1.png]
[Stoxhaven.com/frontcss/assets/strongfront/update/discover-copy-trading-with-naga/diverse/img-2.png]
[Stoxhaven.com/frontcss/assets/strongfront/update/discover-copy-trading-with-naga/diverse/img-3.png]
[Stoxhaven.com/frontcss/assets/strongfront/update/discover-copy-trading-with-naga/diverse/img-4.png]
[Stoxhaven.com/frontcss/assets/strongfront/update/markets/diverse-range/fingertips.jpg]
[Stoxhaven.com/frontcss/assets/strongfront/update/markets/diverse-range/commodities.jpg]
[Stoxhaven.com/frontcss/assets/strongfront/update/markets/diverse-range/indices.jpg]
[Stoxhaven.com/frontcss/assets/strongfront/update/markets/diverse-range/crypto.jpg]
[Stoxhaven.com/frontcss/assets/strongfront/update/markets/diverse-range/stock-cfds.jpg]
[Stoxhaven.com/frontcss/assets/strongfront/update/markets/diverse-range/futures.jpg]
[Stoxhaven.com/frontcss/assets/strongfront/update/reviews/hero/bg.webp]
[Stoxhaven.com/frontcss/assets/strongfront/new/static/bundles/style2.css]
[Stoxhaven.com/frontcss/assets/strongfront/new/static/update/how-does-autocopy/roadmap/btn-icon1.png]
[Stoxhaven.com/frontcss/assets/strongfront/new/static/bundles/style3.css]
[Stoxhaven.com/frontcss/s/roboto/v30/KFOiCnqEu92Fr1Mu51QrEz0dL_nz.woff2]
[Stoxhaven.com/frontcss/s/roboto/v30/KFOiCnqEu92Fr1Mu51QrEzQdL_nz.woff2]
[Stoxhaven.com/frontcss/s/roboto/v30/KFOiCnqEu92Fr1Mu51QrEzwdL_nz.woff2]
[Stoxhaven.com/frontcss/s/roboto/v30/KFOiCnqEu92Fr1Mu51QrEzMdL_nz.woff2]
[Stoxhaven.com/frontcss/s/roboto/v30/KFOiCnqEu92Fr1Mu51QrEz8dL_nz.woff2]
[Stoxhaven.com/frontcss/s/roboto/v30/KFOiCnqEu92Fr1Mu51QrEz4dL_nz.woff2]
[Stoxhaven.com/frontcss/s/roboto/v30/KFOiCnqEu92Fr1Mu51QrEzAdLw.woff2]
[Stoxhaven.com/frontcss/s/roboto/v30/KFOjCnqEu92Fr1Mu51TjASc3CsTKlA.woff2]
[Stoxhaven.com/frontcss/s/roboto/v30/KFOjCnqEu92Fr1Mu51TjASc-CsTKlA.woff2]
[Stoxhaven.com/frontcss/s/roboto/v30/KFOjCnqEu92Fr1Mu51TjASc2CsTKlA.woff2]
[Stoxhaven.com/frontcss/s/roboto/v30/KFOjCnqEu92Fr1Mu51TjASc5CsTKlA.woff2]
[Stoxhaven.com/frontcss/s/roboto/v30/KFOjCnqEu92Fr1Mu51TjASc1CsTKlA.woff2]
[Stoxhaven.com/frontcss/s/roboto/v30/KFOjCnqEu92Fr1Mu51TjASc0CsTKlA.woff2]
[Stoxhaven.com/frontcss/s/roboto/v30/KFOjCnqEu92Fr1Mu51TjASc6CsQ.woff2]
[Stoxhaven.com/frontcss/s/roboto/v30/KFOkCnqEu92Fr1Mu51xFIzIFKw.woff2]
[Stoxhaven.com/frontcss/s/roboto/v30/KFOkCnqEu92Fr1Mu51xMIzIFKw.woff2]
[Stoxhaven.com/frontcss/s/roboto/v30/KFOkCnqEu92Fr1Mu51xEIzIFKw.woff2]
[Stoxhaven.com/frontcss/s/roboto/v30/KFOkCnqEu92Fr1Mu51xLIzIFKw.woff2]
[Stoxhaven.com/frontcss/s/roboto/v30/KFOkCnqEu92Fr1Mu51xHIzIFKw.woff2]
[Stoxhaven.com/frontcss/s/roboto/v30/KFOkCnqEu92Fr1Mu51xGIzIFKw.woff2]
[Stoxhaven.com/frontcss/s/roboto/v30/KFOkCnqEu92Fr1Mu51xIIzI.woff2]
[Stoxhaven.com/frontcss/s/roboto/v30/KFOjCnqEu92Fr1Mu51S7ACc3CsTKlA.woff2]
[Stoxhaven.com/frontcss/s/roboto/v30/KFOjCnqEu92Fr1Mu51S7ACc-CsTKlA.woff2]
[Stoxhaven.com/frontcss/s/roboto/v30/KFOjCnqEu92Fr1Mu51S7ACc2CsTKlA.woff2]
[Stoxhaven.com/frontcss/s/roboto/v30/KFOjCnqEu92Fr1Mu51S7ACc5CsTKlA.woff2]
[Stoxhaven.com/frontcss/s/roboto/v30/KFOjCnqEu92Fr1Mu51S7ACc1CsTKlA.woff2]
[Stoxhaven.com/frontcss/s/roboto/v30/KFOjCnqEu92Fr1Mu51S7ACc0CsTKlA.woff2]
[Stoxhaven.com/frontcss/s/roboto/v30/KFOjCnqEu92Fr1Mu51S7ACc6CsQ.woff2]
[Stoxhaven.com/frontcss/s/roboto/v30/KFOjCnqEu92Fr1Mu51TzBic3CsTKlA.woff2]
[Stoxhaven.com/frontcss/s/roboto/v30/KFOjCnqEu92Fr1Mu51TzBic-CsTKlA.woff2]
[Stoxhaven.com/frontcss/s/roboto/v30/KFOjCnqEu92Fr1Mu51TzBic2CsTKlA.woff2]
[Stoxhaven.com/frontcss/s/roboto/v30/KFOjCnqEu92Fr1Mu51TzBic5CsTKlA.woff2]
[Stoxhaven.com/frontcss/s/roboto/v30/KFOjCnqEu92Fr1Mu51TzBic1CsTKlA.woff2]
[Stoxhaven.com/frontcss/s/roboto/v30/KFOjCnqEu92Fr1Mu51TzBic0CsTKlA.woff2]
[Stoxhaven.com/frontcss/s/roboto/v30/KFOjCnqEu92Fr1Mu51TzBic6CsQ.woff2]
[Stoxhaven.com/frontcss/s/roboto/v30/KFOjCnqEu92Fr1Mu51TLBCc3CsTKlA.woff2]
[Stoxhaven.com/frontcss/s/roboto/v30/KFOjCnqEu92Fr1Mu51TLBCc-CsTKlA.woff2]
[Stoxhaven.com/frontcss/s/roboto/v30/KFOjCnqEu92Fr1Mu51TLBCc2CsTKlA.woff2]
[Stoxhaven.com/frontcss/s/roboto/v30/KFOjCnqEu92Fr1Mu51TLBCc5CsTKlA.woff2]
[Stoxhaven.com/frontcss/s/roboto/v30/KFOjCnqEu92Fr1Mu51TLBCc1CsTKlA.woff2]
[Stoxhaven.com/frontcss/s/roboto/v30/KFOjCnqEu92Fr1Mu51TLBCc0CsTKlA.woff2]
[Stoxhaven.com/frontcss/s/roboto/v30/KFOjCnqEu92Fr1Mu51TLBCc6CsQ.woff2]
[Stoxhaven.com/frontcss/s/roboto/v30/KFOkCnqEu92Fr1MmgVxFIzIFKw.woff2]
[Stoxhaven.com/frontcss/s/roboto/v30/KFOkCnqEu92Fr1MmgVxMIzIFKw.woff2]
[Stoxhaven.com/frontcss/s/roboto/v30/KFOkCnqEu92Fr1MmgVxEIzIFKw.woff2]
[Stoxhaven.com/frontcss/s/roboto/v30/KFOkCnqEu92Fr1MmgVxLIzIFKw.woff2]
[Stoxhaven.com/frontcss/s/roboto/v30/KFOkCnqEu92Fr1MmgVxHIzIFKw.woff2]
[Stoxhaven.com/frontcss/s/roboto/v30/KFOkCnqEu92Fr1MmgVxGIzIFKw.woff2]
[Stoxhaven.com/frontcss/s/roboto/v30/KFOkCnqEu92Fr1MmgVxIIzI.woff2]
[Stoxhaven.com/frontcss/s/roboto/v30/KFOlCnqEu92Fr1MmSU5fCRc4EsA.woff2]
[Stoxhaven.com/frontcss/s/roboto/v30/KFOlCnqEu92Fr1MmSU5fABc4EsA.woff2]
[Stoxhaven.com/frontcss/s/roboto/v30/KFOlCnqEu92Fr1MmSU5fCBc4EsA.woff2]
[Stoxhaven.com/frontcss/s/roboto/v30/KFOlCnqEu92Fr1MmSU5fBxc4EsA.woff2]
[Stoxhaven.com/frontcss/s/roboto/v30/KFOlCnqEu92Fr1MmSU5fCxc4EsA.woff2]
[Stoxhaven.com/frontcss/s/roboto/v30/KFOlCnqEu92Fr1MmSU5fChc4EsA.woff2]
[Stoxhaven.com/frontcss/s/roboto/v30/KFOlCnqEu92Fr1MmSU5fBBc4.woff2]
[Stoxhaven.com/frontcss/s/roboto/v30/KFOmCnqEu92Fr1Mu72xKOzY.woff2]
[Stoxhaven.com/frontcss/s/roboto/v30/KFOmCnqEu92Fr1Mu5mxKOzY.woff2]
[Stoxhaven.com/frontcss/s/roboto/v30/KFOmCnqEu92Fr1Mu7mxKOzY.woff2]
[Stoxhaven.com/frontcss/s/roboto/v30/KFOmCnqEu92Fr1Mu4WxKOzY.woff2]
[Stoxhaven.com/frontcss/s/roboto/v30/KFOmCnqEu92Fr1Mu7WxKOzY.woff2]
[Stoxhaven.com/frontcss/s/roboto/v30/KFOmCnqEu92Fr1Mu7GxKOzY.woff2]
[Stoxhaven.com/frontcss/s/roboto/v30/KFOmCnqEu92Fr1Mu4mxK.woff2]
[Stoxhaven.com/frontcss/s/roboto/v30/KFOlCnqEu92Fr1MmEU9fCRc4EsA.woff2]
[Stoxhaven.com/frontcss/s/roboto/v30/KFOlCnqEu92Fr1MmEU9fABc4EsA.woff2]
[Stoxhaven.com/frontcss/s/roboto/v30/KFOlCnqEu92Fr1MmEU9fCBc4EsA.woff2]
[Stoxhaven.com/frontcss/s/roboto/v30/KFOlCnqEu92Fr1MmEU9fBxc4EsA.woff2]
[Stoxhaven.com/frontcss/s/roboto/v30/KFOlCnqEu92Fr1MmEU9fCxc4EsA.woff2]
[Stoxhaven.com/frontcss/s/roboto/v30/KFOlCnqEu92Fr1MmEU9fChc4EsA.woff2]
[Stoxhaven.com/frontcss/s/roboto/v30/KFOlCnqEu92Fr1MmEU9fBBc4.woff2]
[Stoxhaven.com/frontcss/s/roboto/v30/KFOlCnqEu92Fr1MmWUlfCRc4EsA.woff2]
[Stoxhaven.com/frontcss/s/roboto/v30/KFOlCnqEu92Fr1MmWUlfABc4EsA.woff2]
[Stoxhaven.com/frontcss/s/roboto/v30/KFOlCnqEu92Fr1MmWUlfCBc4EsA.woff2]
[Stoxhaven.com/frontcss/s/roboto/v30/KFOlCnqEu92Fr1MmWUlfBxc4EsA.woff2]
[Stoxhaven.com/frontcss/s/roboto/v30/KFOlCnqEu92Fr1MmWUlfCxc4EsA.woff2]
[Stoxhaven.com/frontcss/s/roboto/v30/KFOlCnqEu92Fr1MmWUlfChc4EsA.woff2]
[Stoxhaven.com/frontcss/s/roboto/v30/KFOlCnqEu92Fr1MmWUlfBBc4.woff2]
[Stoxhaven.com/frontcss/s/roboto/v30/KFOlCnqEu92Fr1MmYUtfCRc4EsA.woff2]
[Stoxhaven.com/frontcss/s/roboto/v30/KFOlCnqEu92Fr1MmYUtfABc4EsA.woff2]
[Stoxhaven.com/frontcss/s/roboto/v30/KFOlCnqEu92Fr1MmYUtfCBc4EsA.woff2]
[Stoxhaven.com/frontcss/s/roboto/v30/KFOlCnqEu92Fr1MmYUtfBxc4EsA.woff2]
[Stoxhaven.com/frontcss/s/roboto/v30/KFOlCnqEu92Fr1MmYUtfCxc4EsA.woff2]
[Stoxhaven.com/frontcss/s/roboto/v30/KFOlCnqEu92Fr1MmYUtfChc4EsA.woff2]
[Stoxhaven.com/frontcss/s/roboto/v30/KFOlCnqEu92Fr1MmYUtfBBc4.woff2]
[Stoxhaven.com/frontcss/assets/strongfront/images/check.webp]
[Stoxhaven.com/frontcss/assets/strongfront/images/404/bot_img.webp]
[Stoxhaven.com/frontcss/assets/strongfront/images/404/oops.webp]
[Stoxhaven.com/frontcss/assets/strongfront/images/404/sorry_i_could_not_find_it.webp]
[Stoxhaven.com/frontcss/assets/strongfront/update/new-main-page/hero-new/img-desk.jpg]
[Stoxhaven.com/frontcss/assets/strongfront/images/img-mob.jpg]
[Stoxhaven.com/frontcss/assets/strongfront/images/home-banner/02.webp]
[Stoxhaven.com/frontcss/assets/strongfront/images/home-banner/mobile-02.webp]
[Stoxhaven.com/frontcss/assets/strongfront/images/home-banner/03.webp]
[Stoxhaven.com/frontcss/assets/strongfront/images/home-banner/mobile-03.webp]
[Stoxhaven.com/frontcss/assets/strongfront/images/home-banner/04.webp]
[Stoxhaven.com/frontcss/assets/strongfront/images/home-banner/mobile-04.webp]
[Stoxhaven.com/frontcss/assets/strongfront/images/home-banner/05.webp]
[Stoxhaven.com/frontcss/assets/strongfront/images/home-banner/mobile-05.webp]
[Stoxhaven.com/frontcss/assets/strongfront/images/home-banner/06.webp]
[Stoxhaven.com/frontcss/assets/strongfront/images/home-banner/mobile-06.webp]
[Stoxhaven.com/frontcss/assets/strongfront/images/home-banner/07.webp]
[Stoxhaven.com/frontcss/assets/strongfront/images/home-banner/mobile-07.webp]
[Stoxhaven.com/frontcss/assets/strongfront/images/home-banner/08.webp]
[Stoxhaven.com/frontcss/assets/strongfront/images/home-banner/mobile-08.webp]
[Stoxhaven.com/frontcss/assets/strongfront/images/exclaimatory-sign.webp]
[Stoxhaven.com/frontcss/assets/strongfront/images/world-bg.webp]
[Stoxhaven.com/frontcss/assets/strongfront/images/pkg-bg.webp]
[Stoxhaven.com/frontcss/assets/strongfront/images/single_market_page/forex-trading-banner.webp]
[Stoxhaven.com/frontcss/assets/strongfront/images/single_market_page/banner1.webp]
[Stoxhaven.com/frontcss/assets/strongfront/images/single_market_page/spreads-banner.webp]
[Stoxhaven.com/frontcss/assets/strongfront/images/live-banner.webp]
[Stoxhaven.com/frontcss/assets/strongfront/images/single_market_page/account_funding_bg.webp]
[Stoxhaven.com/frontcss/assets/strongfront/images/single_market_page/withdrawal_header_bg.webp]
[Stoxhaven.com/frontcss/assets/strongfront/images/single_market_page/mt4-banner.webp]
[Stoxhaven.com/frontcss/assets/strongfront/images/single_market_page/mt-android-banner.webp]
[Stoxhaven.com/frontcss/assets/strongfront/images/single_market_page/ctrader-windows-banner.webp]
[Stoxhaven.com/frontcss/assets/strongfront/images/single_market_page/ctrader-copy-trading-banner.webp]
[Stoxhaven.com/frontcss/assets/strongfront/images/single_market_page/mt-ios-banner.webp]
[Stoxhaven.com/frontcss/assets/strongfront/images/single_market_page/myfxbook-banner.webp]
[Stoxhaven.com/frontcss/assets/strongfront/images/single_market_page/zulutrade-banner.webp]
[Stoxhaven.com/frontcss/assets/strongfront/images/single_market_page/overview_header_bg.webp]
[Stoxhaven.com/frontcss/assets/strongfront/images/ctrader-ecn-banner-bg.webp]
[Stoxhaven.com/frontcss/assets/strongfront/images/single_market_page/banner2.webp]
[Stoxhaven.com/frontcss/assets/strongfront/images/single_market_page/btc-banner.webp]
[Stoxhaven.com/frontcss/assets/strongfront/images/single_market_page/trading-conditions-banner.webp]
[Stoxhaven.com/frontcss/assets/strongfront/images/single_market_page/trading-hours-banner.webp]
[Stoxhaven.com/frontcss/assets/strongfront/images/single_market_page/virtual-private-server-banner.webp]
[Stoxhaven.com/frontcss/assets/strongfront/images/single_market_page/api-trading-banner.webp]
[Stoxhaven.com/frontcss/assets/strongfront/images/single_market_page/about-us-banner.webp]
[Stoxhaven.com/frontcss/assets/strongfront/images/single_market_page/contact-us-banner.webp]
[Stoxhaven.com/frontcss/assets/strongfront/images/single_market_page/regulation-banner.webp]
[Stoxhaven.com/frontcss/assets/strongfront/images/single_market_page/white-label-partnerships-banner.webp]
[Stoxhaven.com/frontcss/assets/strongfront/images/single_market_page/trading-api-banner.webp]
[Stoxhaven.com/frontcss/assets/strongfront/images/single_market_page/liquidity-provision-banner.webp]
[Stoxhaven.com/frontcss/assets/strongfront/images/insurance/insurancebanner.webp]
[Stoxhaven.com/frontcss/assets/strongfront/images/single_market_page/careers-banner.webp]
[Stoxhaven.com/frontcss/assets/strongfront/images/single_market_page/education-overview-banner.webp]
[Stoxhaven.com/frontcss/assets/strongfront/images/single_market_page/advantages-of-forex-banner.webp]
[Stoxhaven.com/frontcss/assets/strongfront/images/single_market_page/advantages-of-cfds-banner.webp]
[Stoxhaven.com/frontcss/assets/strongfront/images/teamviewer/homebanner.webp]
[Stoxhaven.com/frontcss/assets/strongfront/images/single_market_page/glossary-banner.webp]
[Stoxhaven.com/frontcss/assets/strongfront/images/single_market_page/economic-calendar-banner.webp]
[Stoxhaven.com/frontcss/assets/strongfront/images/single_market_page/forex-calculators-banner.webp]
[Stoxhaven.com/frontcss/assets/strongfront/images/single_market_page/help-centre-banner.webp]
[Stoxhaven.com/frontcss/assets/strongfront/images/single_market_page/legal-documents-banner.webp]
[Stoxhaven.com/frontcss/assets/strongfront/images/single_market_page/icshares.webp]
[Stoxhaven.com/frontcss/assets/strongfront/images/social-trading-mobile-app/social-trading-banner.webp]
[Stoxhaven.com/frontcss/assets/strongfront/images/mobile_trading_app/intro-background.webp]
[Stoxhaven.com/frontcss/assets/strongfront/images/strength-bg.webp]
[Stoxhaven.com/frontcss/assets/strongfront/icons/search.svg]
[Stoxhaven.com/frontcss/assets/strongfront/images/increase.webp]
[Stoxhaven.com/frontcss/assets/strongfront/images/decrease.webp]
[Stoxhaven.com/frontcss/assets/strongfront/images/raw-chart-bg.webp]
[Stoxhaven.com/frontcss/assets/strongfront/images/cta-bg.webp]
[Stoxhaven.com/frontcss/assets/strongfront/images/social-trading-mobile-app/connect-icon.webp]
[Stoxhaven.com/frontcss/assets/strongfront/images/social-trading-mobile-app/trade1-icon.webp]
[Stoxhaven.com/frontcss/assets/strongfront/images/social-trading-mobile-app/discover-icon.webp]
[Stoxhaven.com/frontcss/assets/strongfront/images/social-trading-mobile-app/access-icon.webp]
[Stoxhaven.com/frontcss/assets/strongfront/images/mt-bg.webp]
[Stoxhaven.com/frontcss/assets/strongfront/images/open-account-bg.webp]
[Stoxhaven.com/frontcss/assets/strongfront/images/left-effect-bg.webp]
[Stoxhaven.com/frontcss/assets/strongfront/images/trade-with-web-bg.webp]
[Stoxhaven.com/frontcss/assets/strongfront/images/trade-with-web-bg2.webp]
[Stoxhaven.com/frontcss/assets/strongfront/css/style.css]
[Stoxhaven.com/String(location.html]
[Stoxhaven.com/e.html]
[Stoxhaven.com/GET.html]
[Stoxhaven.com/frontcss/assets/strongfront/new/static/bundles/20941.9255829f84c650250fc0.css]
[Stoxhaven.com/frontcss/assets/strongfront/new/static/bundles/logo-tradingview-header-pro.e411ddd16f939936cbb4.svg]
[Stoxhaven.com/frontcss/assets/strongfront/new/static/bundles/60689.b0beb07b68ee5a30ef8d.css]
[Stoxhaven.com/frontcss/assets/strongfront/new/_next/page-header-bg.png]
[lordicon.com/icons/wired/flat/193-bell-notification.1f6.delayed]
[Stoxhaven.com/overview.html]
[Stoxhaven.com/assets/images/seo/66c502698a1731724187241.jpg]
[Stoxhaven.com/frontcss/assets/strong/css/style.bundle.css]
[Stoxhaven.com/frontcss/assets/strong/css/style.bundle2.css]
[Stoxhaven.com/frontcss/assets/strongfront/new/static/bundles/35575.5fc5cb59f29cbddde13f.css]
[Stoxhaven.com/frontcss/assets/strong/plugins/global/plugins.bundle.css]
[Stoxhaven.com/frontcss/assets/strongfront/new/static/bundles/16120.febfda83def6ad1aa74c.css]
[Stoxhaven.com/frontcss/assets/strongfront/icons/ICM-logo-w.png]
[Stoxhaven.com/cookie-policy.html]
[Stoxhaven.com/assets/global/js/jquery-3.6.0.min.js]
[Stoxhaven.com/assets/global/js/bootstrap.bundle.min.js]
[Stoxhaven.com/assets/templates/invester/js/lib/slick.min.js]
[Stoxhaven.com/assets/templates/invester/js/lib/magnific-popup.min.js]
[Stoxhaven.com/assets/templates/invester/js/main.js]
[Stoxhaven.com/assets/templates/invester/js/lib/apexcharts.min.js]
[Stoxhaven.com/assets/global/css/iziToast.min.css]
[Stoxhaven.com/assets/global/js/iziToast.min.js]
[Stoxhaven.com/user/check-mail]
[Stoxhaven.com/cookie/accept]
[Stoxhaven.com/frontcss/assets/global/js/jquery-3.6.0.min.js]
[Stoxhaven.com/frontcss/assets/strong/js/scripts.bundle.js]
[Stoxhaven.com/frontcss/assets/strong/js/custom/authentication/sign-in/general.js]
[Stoxhaven.com/frontcss/assets/global/css/iziToast.min.css]
[Stoxhaven.com/user/register.html]
[Stoxhaven.com/frontcss/assets/global/js/iziToast.min.js]
[Stoxhaven.com/frontcss/assets/strong/plugins/global/plugins.bundle.js]
[Stoxhaven.com/user/password/reset.html]
[Stoxhaven.com/cookie/accept]
[Stoxhaven.com/user/login.html]
[Stoxhaven.com/frontcss/assets/strongfront/new/_next/asset-fb.svg]
[Stoxhaven.com/frontcss/assets/strongfront/new/_next/asset-mcdonalds.svg]
[Stoxhaven.com/frontcss/assets/strongfront/new/_next/asset-tesla.svg]
[Stoxhaven.com/frontcss/assets/strongfront/new/_next/asset-google.svg]
[Stoxhaven.com/frontcss/assets/strongfront/new/_next/asset-apple.svg]
[Stoxhaven.com/frontcss/assets/strongfront/update/trading-forex/hero/icon1.svg]
[Stoxhaven.com/frontcss/assets/strongfront/update/common/hero-bottom-items-icons/icon2--variant-dollar.svg]
[Stoxhaven.com/frontcss/assets/strongfront/update/common/hero-bottom-items-icons/icon3--variant-tick.svg]
[Stoxhaven.com/frontcss/assets/strongfront/update/discover-stock-trading-with-naga/start-trading/icon-1.svg]
[Stoxhaven.com/frontcss/assets/strongfront/update/discover-stock-trading-with-naga/start-trading/icon-2.svg]
[Stoxhaven.com/frontcss/assets/strongfront/update/partners-program/strongplatform/check.svg]
[Stoxhaven.com/frontcss/assets/strongfront/images/single_market_page/spreads-spread.webp]
[Stoxhaven.com/spreads.html]
[Stoxhaven.com/virtual-private-server.html]
[Stoxhaven.com/assets/global/js/web3.min.js]
[Stoxhaven.com/swap-rates.html]
[Stoxhaven.com/commodities.html]
[Stoxhaven.com/forex.html]
[Stoxhaven.com/indices.html]
[Stoxhaven.com/bonds.html]
[Stoxhaven.com/futures.html]
[Stoxhaven.com/frontcss/assets/strongfront/next/button-6.png]
[Stoxhaven.com/digitalcurrency.html]
[Stoxhaven.com/spreads target=]
[Stoxhaven.com/frontcss/assets/strongfront/next/button-3.png]
[Stoxhaven.com/frontcss/assets/strongfront/next/button-5.png]
[Stoxhaven.com/frontcss/assets/strongfront/next/button-1.png]
[Stoxhaven.com/frontcss/assets/strongfront/next/button-4.png]
[Stoxhaven.com/frontcss/assets/strongfront/next/button-2.png]
[Stoxhaven.com/frontcss/assets/strongfront/next/button-7.png]
[Stoxhaven.com/range-of-markets.html]
[Stoxhaven.com/frontcss/assets/custom.css]
[Stoxhaven.com/frontcss/assets/global/animatenot.min.css]
[static.tradingview.com/static/bundles/17871.1f72313828525cec743d.css]
[static.tradingview.com/static/bundles/tradingview-with-text-logo.6e2e37594ee4de0b1c9c.svg]
[static.tradingview.com/static/bundles/56219.f8fd13c14e52b6e90c5b.css]
[static.tradingview.com/static/bundles/tradingview-with-text-logo-pro.a264d0e4813360aa17e1.svg]
[Stoxhaven.com/stocks.html]
[Stoxhaven.com/trading-conditions.html]
[Stoxhaven.com/frontcss/assets/strongfront/new/_next/card1.png]
[Stoxhaven.com/frontcss/assets/strongfront/new/_next/card2.png]
[Stoxhaven.com/frontcss/assets/strongfront/new/_next/card3.png]
[Stoxhaven.com/frontcss/assets/strongfront/new/_next/card4.png]
[Stoxhaven.com/frontcss/assets/strongfront/images/certificate_icon2.webp]
[Stoxhaven.com/insurance.html]
[Stoxhaven.com/frontcss/assets/strongfront/images/single_market_page/trading-hours-hours.webp]
[Stoxhaven.com/frontcss/assets/strongfront/images/chat-icon.webp]
[Stoxhaven.com/cdn-cgi/l/email-protection]
[Stoxhaven.com/trading-hours.html]
[Stoxhaven.com/frontcss/assets/strongfront/new/_next/striped-bg-alt.png]
[Stoxhaven.com/frontcss/assets/strongfront/new/_next/banner.png]
[Stoxhaven.com/frontcss/assets/strongfront/new/_next/advantage1.png]
[Stoxhaven.com/frontcss/assets/strongfront/new/_next/advantage2.png]
[Stoxhaven.com/frontcss/assets/strongfront/new/_next/advantage3.png]
[Stoxhaven.com/frontcss/assets/strongfront/new/_next/advantage4.png]
[Stoxhaven.com/frontcss/assets/strongfront/update/how-does-autocopy/hero/anim.mp4]
[Stoxhaven.com/frontcss/assets/strongfront/update/main-page/next-level/icon.svg]
[Stoxhaven.com/frontcss/assets/strongfront/update/main-page/next-level/item1.png]
[Stoxhaven.com/frontcss/assets/strongfront/update/main-page/next-level/item2.png]
[Stoxhaven.com/frontcss/assets/strongfront/update/main-page/next-level/item3.png]
[Stoxhaven.com/frontcss/assets/strongfront/update/main-page/next-level/item4.png]
[Stoxhaven.com/frontcss/assets/strongfront/update/main-page/next-level/item5.png]
[Stoxhaven.com/frontcss/assets/strongfront/update/main-page/next-level/item6.png]
[Stoxhaven.com/frontcss/assets/strongfront/new/_next/cs1.png]
[Stoxhaven.com/frontcss/assets/strongfront/new/_next/cs2.png]
[Stoxhaven.com/frontcss/assets/strongfront/new/_next/cs3.png]
[Stoxhaven.com/frontcss/assets/strongfront/new/_next/cs4.png]
[Stoxhaven.com/frontcss/assets/strongfront/new/_next/cs5.png]
[Stoxhaven.com/frontcss/assets/strongfront/new/_next/cs6.png]
[Stoxhaven.com/aboutus.html]
[Stoxhaven.com/frontcss/assets/strongfront/new/_next/employee-benefits.png]
[Stoxhaven.com/careers.html]
[Stoxhaven.com/contact-us.html]
[Stoxhaven.com/frontcss/assets/flags/3.jpg]
[Stoxhaven.com/frontcss/assets/flags/4.jpg]
[Stoxhaven.com/frontcss/assets/flags/5.jpg]
[Stoxhaven.com/frontcss/assets/flags/6.jpg]
[Stoxhaven.com/frontcss/assets/flags/7.jpg]
[Stoxhaven.com/expert-traders.html]
[Stoxhaven.com/frontcss/assets/strongfront/images/single_market_page/trading-conditions-spreads.webp]
[Stoxhaven.com/frontcss/assets/strongfront/images/single_market_page/trading-conditions-execution.webp]
[Stoxhaven.com/frontcss/assets/strongfront/images/single_market_page/trading-conditions-margin.webp]
[Stoxhaven.com/frontcss/assets/strongfront/images/single_market_page/trading-conditions-currency.webp]
[Stoxhaven.com/frontcss/assets/strongfront/images/single_market_page/trading-conditions-swaps.webp]
[Stoxhaven.com/frontcss/assets/strongfront/images/single_market_page/trading-conditions-hours.webp]
[Stoxhaven.com/trading-conditions.html]
[Stoxhaven.com/cdn-cgi/scripts/5c5dd728/cloudflare-static/email-decode.min.html]
[Stoxhaven.com/frontcss/assets/strongfront/new/static/bundles/about-circle-small.9063d612fc1eb47c27b0.svg]
[Stoxhaven.com/frontcss/assets/strongfront/new/static/bundles/about-circle-large.b5caec23086ad029a5b6.svg]
[Stoxhaven.com/frontcss/assets/strongfront/new/static/bundles/about-pine-small.f0876376df429a92a3cd.svg]
[Stoxhaven.com/frontcss/assets/strongfront/new/static/bundles/about-pine-large.bd11958e344a20ec50b9.svg]
[Stoxhaven.com/frontcss/assets/strongfront/new/static/bundles/about-star-small.7dc5df789e8e3560008a.svg]
[Stoxhaven.com/frontcss/assets/strongfront/new/static/bundles/about-star-large.6bcda2103cf40c4a8eaa.svg]
[Stoxhaven.com/frontcss/assets/strongfront/new/static/bundles/about-top-small.b4aae6e519d536547c56.svg]
[Stoxhaven.com/frontcss/assets/strongfront/new/static/bundles/about-top-large.942b231958deceeaeea7.svg]
[Stoxhaven.com/frontcss/assets/strongfront/new/static/bundles/tagline-small.a53678a3608a19689759.svg]
[Stoxhaven.com/frontcss/assets/strongfront/new/static/bundles/tagline-medium.ceaa758fb90c53a04611.svg]
[Stoxhaven.com/frontcss/assets/strongfront/new/static/bundles/tagline-large.cbae0073eb439289966b.svg]
[Stoxhaven.com/frontcss/assets/strongfront/new/bullet-point-gradient-outline.html]
[Stoxhaven.com/frontcss/assets/strongfront/new/static/bundles/ExpertOption/eo_icon@2x.html]
[Stoxhaven.com/frontcss/assets/strongfront/new/static/bundles/frame-mobile.0d05ed01510d724224d9.svg]
[Stoxhaven.com/frontcss/assets/strongfront/new/static/bundles/frame.b81b5210b01dcd7d3009.svg]
[Stoxhaven.com/frontcss/assets/strongfront/new/static/bundles/large-slider-handle.18e9ee5923db4eac2c43.svg]
[Stoxhaven.com/frontcss/assets/strongfront/new/static/bundles/arrow-strategy-up.ed2ed00e25deb7f61f68.svg]
[Stoxhaven.com/frontcss/assets/strongfront/new/static/bundles/arrow-strategy-up.28f3f63175901bd9ee55.svg]
[Stoxhaven.com/frontcss/assets/strongfront/new/static/bundles/arrow-strategy-up.de27811948292cec8d6e.svg]
[Stoxhaven.com/frontcss/assets/strongfront/new/static/bundles/arrow-strategy-down.9b01142d15138343464f.svg]
[Stoxhaven.com/frontcss/assets/strongfront/new/static/bundles/arrow-strategy-down.7448668c983db1a122ce.svg]
[Stoxhaven.com/frontcss/assets/strongfront/new/static/bundles/arrow-strategy-down.ddc2f9f61f72807913e0.svg]
[Stoxhaven.com/frontcss/assets/strongfront/new/static/bundles/important.0fd1a6de4c695ed4407d.svg]
[Stoxhaven.com/frontcss/assets/strongfront/new/static/bundles/exclusive.f0c341840cf27c47df59.svg]
[Stoxhaven.com/frontcss/assets/strongfront/new/static/bundles/flash.9b3aa3bb7f2df6e27707.svg]
[Stoxhaven.com/frontcss/assets/strongfront/new/static/bundles/editors-pick-bookmark-xlarge.58747b80e31b15df030f.svg]
[Stoxhaven.com/frontcss/assets/strongfront/new/static/bundles/editors-pick-bookmark-large.aa758927e81e6df9ec6d.svg]
[Stoxhaven.com/frontcss/assets/strongfront/new/static/bundles/ba-of-the-year.5daaddca8bd666e9d199.svg]
[Stoxhaven.com/frontcss/assets/strongfront/new/static/bundles/ba-popular.7d4607a25db3f0d01f94.svg]
[Stoxhaven.com/frontcss/assets/strongfront/new/static/bundles/ba-social-champion.c03faf820851c2fa78cf.svg]
[Stoxhaven.com/frontcss/assets/strongfront/new/static/bundles/ba-innovative-tech.fd08900afc85f0f55b19.svg]
[Stoxhaven.com/frontcss/assets/strongfront/new/static/bundles/ba-multi-asset.9048cc2eb6aeb88bd57c.svg]
[Stoxhaven.com/frontcss/assets/strongfront/new/static/bundles/ba-futures.6a25ea8ade55e1758b71.svg]
[Stoxhaven.com/frontcss/assets/strongfront/new/static/bundles/ba-forex-and-cfd.a4e01823f150bb842b1c.svg]
[Stoxhaven.com/frontcss/assets/strongfront/new/static/bundles/ba-crypto.edde9fe65b717bd661d8.svg]
[Stoxhaven.com/frontcss/assets/strongfront/new/static/bundles/ba-of-the-year-2021.1306b03a04bd47df78f1.svg]
[Stoxhaven.com/frontcss/assets/strongfront/new/static/bundles/ba-popular-2021.f675d9e2a45b4da0428a.svg]
[Stoxhaven.com/frontcss/assets/strongfront/new/static/bundles/ba-social-champion-2021.215e9d330a8f40b48f95.svg]
[Stoxhaven.com/frontcss/assets/strongfront/new/static/bundles/ba-innovative-tech-2021.0fa5da629b6ad7c97330.svg]
[Stoxhaven.com/frontcss/assets/strongfront/new/static/bundles/ba-multi-asset-2021.a829796c0930392ce996.svg]
[Stoxhaven.com/frontcss/assets/strongfront/new/static/bundles/ba-futures-2021.28f879c91128c054a86e.svg]
[Stoxhaven.com/frontcss/assets/strongfront/new/static/bundles/ba-forex-and-cfd-2021.d23b43fb573e2088dd7d.svg]
[Stoxhaven.com/frontcss/assets/strongfront/new/static/bundles/ba-crypto-2021.2252086650733b9d7c25.svg]
[Stoxhaven.com/frontcss/assets/strongfront/new/static/bundles/ba-of-the-year-2022.3ab4215352fe8e76886c.svg]
[Stoxhaven.com/frontcss/assets/strongfront/new/static/bundles/ba-popular-2022.2ec733a262a7f4a5511a.svg]
[Stoxhaven.com/frontcss/assets/strongfront/new/static/bundles/ba-social-champion-2022.5aff43bc6f9472bc68b6.svg]
[Stoxhaven.com/frontcss/assets/strongfront/new/static/bundles/ba-innovative-tech-2022.254679ead6b35e174470.svg]
[Stoxhaven.com/frontcss/assets/strongfront/new/static/bundles/ba-multi-asset-2022.2db47d048d6564c14b76.svg]
[Stoxhaven.com/frontcss/assets/strongfront/new/static/bundles/ba-futures-2022.153172989b1e4483641d.svg]
[Stoxhaven.com/frontcss/assets/strongfront/new/static/bundles/ba-forex-and-cfd-2022.c03f6a611ab610d7e6b3.svg]
[Stoxhaven.com/frontcss/assets/strongfront/new/static/bundles/ba-crypto-2022.661e23b51f326d7bd2cd.svg]
[Stoxhaven.com/frontcss/assets/strongfront/new/static/bundles/ba-of-the-year-2023.62a70d8f5a7d9c7acde4.svg]
[Stoxhaven.com/frontcss/assets/strongfront/new/static/bundles/ba-social-champion-2023.14d0def9cfebc8fb92aa.svg]
[Stoxhaven.com/frontcss/assets/strongfront/new/static/bundles/ba-newcomer-2023.5d91b6e4aa381dd81e56.svg]
[Stoxhaven.com/frontcss/assets/strongfront/new/static/bundles/ba-reliable-tech-2023.4dfd9af737fd9eedb749.svg]
[Stoxhaven.com/frontcss/assets/strongfront/new/static/bundles/ba-multi-asset-2023.ab335f4a8f447d7af70d.svg]
[Stoxhaven.com/frontcss/assets/strongfront/new/static/bundles/ba-stocks-2023.22465473568796d5b43a.svg]
[Stoxhaven.com/frontcss/assets/strongfront/new/static/bundles/ba-futures-2023.be28720f7c117f17bed8.svg]
[Stoxhaven.com/frontcss/assets/strongfront/new/static/bundles/ba-forex-and-cfd-2023.5124dc92fbd75c02d5c5.svg]
[Stoxhaven.com/frontcss/assets/strongfront/new/static/bundles/ba-crypto-2023.31fdc5f68abe5d794207.svg]
[Stoxhaven.com/frontcss/assets/strongfront/new/static/bundles/ba-region-amer-2023.1f505817e43b592543f9.svg]
[Stoxhaven.com/frontcss/assets/strongfront/new/static/bundles/ba-region-apac-2023.ca4db57c29d41ad67e13.svg]
[Stoxhaven.com/frontcss/assets/strongfront/new/static/bundles/ba-region-emea-2023.d221ad0d955fc3f8d327.svg]
[Stoxhaven.com/frontcss/assets/strongfront/new/static/bundles/ghost-with-hands.2793944e66fecc8365f8.svg]
[Stoxhaven.com/frontcss/assets/strongfront/new/static/bundles/ghost-with-hands-dark.98290f22cb2258189f72.svg]
[Stoxhaven.com/frontcss/assets/strongfront/new/static/bundles/plant-pot.e3e9e54902b5a60a601c.svg]
[Stoxhaven.com/frontcss/assets/strongfront/new/static/bundles/landscape.25994e5ecc2c6a5337bf.svg]
[Stoxhaven.com/frontcss/assets/strongfront/new/static/bundles/loser.6f0f921f94e5eb78e68b.svg]
[Stoxhaven.com/frontcss/assets/strongfront/new/static/bundles/victory.78bd7860e6f458602323.svg]
[Stoxhaven.com/frontcss/assets/strongfront/new/static/bundles/bird.5adb4803c05cdcc2ec49.svg]
[Stoxhaven.com/frontcss/assets/strongfront/new/static/bundles/giraffe.21598b1803279552e90b.svg]
[Stoxhaven.com/images/common/fixed-bars/cookie.html]
[Stoxhaven.com/images/main-page/help-section/arrow.html]
[Stoxhaven.com/images/new-main-page/try-copy-trading/arrow.html]
[Stoxhaven.com/images/partners-page/partners-blog/calendar.html]
[Stoxhaven.com/frontcss/assets/strongfront/new/static/update/how-does-autocopy/roadmap/btn-icon1.html]
[Stoxhaven.com/frontcss/assets/strongfront/icons/search.svg]
[Stoxhaven.com/frontcss/assets/strongfront/new/static/bundles/logo-tradingview-header-pro.e411ddd16f939936cbb4.svg]
[lordicon.com/icons/wired/flat/193-bell-notification.html]
[Stoxhaven.com/frontcss/assets/strong/plugins/global/fonts/bootstrap-icons/bootstrap-icons1fa40e8900654d2863d011707b9fb6f2.woff2]
[Stoxhaven.com/frontcss/assets/strong/plugins/global/fonts/bootstrap-icons/bootstrap-icons1fa40e8900654d2863d011707b9fb6f2.woff]
[Stoxhaven.com/frontcss/assets/strong/plugins/global/fonts/@fortawesome/fa-brands-400.woff2]
[Stoxhaven.com/frontcss/assets/strong/plugins/global/fonts/@fortawesome/fa-regular-400.woff2]
[Stoxhaven.com/frontcss/assets/strong/plugins/global/fonts/@fortawesome/fa-brands-400.ttf]
[Stoxhaven.com/frontcss/assets/strong/plugins/global/fonts/@fortawesome/fa-regular-400.ttf]
[Stoxhaven.com/frontcss/assets/strong/plugins/global/fonts/@fortawesome/fa-solid-900.woff2]
[Stoxhaven.com/frontcss/assets/strong/plugins/global/fonts/@fortawesome/fa-v4compatibility.woff2]
[Stoxhaven.com/frontcss/assets/strong/plugins/global/fonts/@fortawesome/fa-v4compatibility.ttf]
[Stoxhaven.com/frontcss/assets/strong/plugins/global/plugins.bundle.css]
[Stoxhaven.com/frontcss/assets/strong/css/style.bundle.css]
[Stoxhaven.com/frontcss/assets/strong/plugins/global/fonts/@fortawesome/fa-solid-900.ttf]
[Stoxhaven.com/frontcss/assets/strong/css/style.bundle2.css]
[Stoxhaven.com/frontcss/assets/strongfront/new/static/bundles/35575.5fc5cb59f29cbddde13f.css]
[Stoxhaven.com/frontcss/assets/strongfront/new/static/bundles/tablet.5ed26c209de7e1b5845d.webp]
[Stoxhaven.com/frontcss/assets/strongfront/new/static/bundles/desktop.48bb0acc31aeb2422416.webp]
[Stoxhaven.com/frontcss/assets/strongfront/new/static/bundles/16120.febfda83def6ad1aa74c.css]
[Stoxhaven.com/assets/global/css/bootstrap.min.css]
[Stoxhaven.com/assets/global/css/all.min.css]
[Stoxhaven.com/assets/global/css/line-awesome.min.css]
[Stoxhaven.com/assets/templates/invester/css/lib/animate.css]
[Stoxhaven.com/assets/templates/invester/css/lib/slick.css]
[Stoxhaven.com/assets/templates/invester/css/lib/magnific-popup.css]
[Stoxhaven.com/assets/templates/invester/css/lib/apexcharts.css]
[Stoxhaven.com/assets/templates/invester/css/main.css]
[Stoxhaven.com/assets/templates/invester/css/custom.css]
[Stoxhaven.com/assets/templates/invester/css/colordb02.css]
[Stoxhaven.com/plan.html]
[Stoxhaven.com/contact.html]
[Stoxhaven.com/assets/images/logoIcon/logo_2.png]
[Stoxhaven.com/cookie/accept]
[Stoxhaven.com/cookie-policy.html]
[Stoxhaven.com/assets/global/css/iziToast.min.css]
[Stoxhaven.com/user/check-mail.html]
[Stoxhaven.com/frontcss/assets/global/css/iziToast.min.css]
[Stoxhaven.com/cookie/accept]
[Stoxhaven.com/user/password/reset.html]
[Stoxhaven.com/frontcss/assets/strongfront/images/single_market_page/swap-rates-swaps.webp]
[Stoxhaven.com/swap-rates.html]
[Stoxhaven.com/_https_/d1fyjtrsl71uh.cloudfront.net/images/background-images/online-forex-trading-currency.jpg_]
[Stoxhaven.com/_https_/d1fyjtrsl71uh.cloudfront.net/images/background-images/online-forex-trading-backround-price.jpg_]
[Stoxhaven.com/_https_/d1fyjtrsl71uh.cloudfront.net/images/background-images/online-forex-trading-backround_currency_trading.jpg_]
[Stoxhaven.com/_https_/d1fyjtrsl71uh.cloudfront.net/images/background-images/online-forex-trading-backround-forex-brokers.jpg_]
[d1fyjtrsl71uh.cloudfront.net/images/instruments/online-forex-trading-platforms-first.png]
[d1fyjtrsl71uh.cloudfront.net/images/instruments/online-forex-trading-platforms-second.png]
[d1fyjtrsl71uh.cloudfront.net/images/instruments/online-forex-trading-platforms-third.png]
[Stoxhaven.com/_https_/d1fyjtrsl71uh.cloudfront.net/images/background-images/online-forex-trading-forex-as-investment.jpg_]
[Stoxhaven.com/forex.html]
[Stoxhaven.com/commodities.html]
[Stoxhaven.com/frontcss/assets/strongfront/next/icon-1.jpg]
[Stoxhaven.com/frontcss/assets/strongfront/next/icon-2.jpg]
[Stoxhaven.com/frontcss/assets/strongfront/next/icon-3.jpg]
[Stoxhaven.com/frontcss/assets/strongfront/next/icon-4.png]
[Stoxhaven.com/frontcss/assets/strongfront/next/icon-5.png]
[Stoxhaven.com/frontcss/assets/strongfront/next/icon-6.png]
[Stoxhaven.com/indices.html]
[Stoxhaven.com/bonds.html]
[Stoxhaven.com/frontcss/assets/strongfront/images/single_market_page/btc-color.webp]
[Stoxhaven.com/frontcss/assets/strongfront/images/single_market_page/ethereum-color.webp]
[Stoxhaven.com/frontcss/assets/strongfront/images/single_market_page/dash-color.webp]
[Stoxhaven.com/frontcss/assets/strongfront/images/single_market_page/lite-color.webp]
[Stoxhaven.com/frontcss/assets/strongfront/images/single_market_page/btc-cash-color.webp]
[Stoxhaven.com/frontcss/assets/strongfront/images/single_market_page/rippleIcon.webp]
[Stoxhaven.com/frontcss/assets/strongfront/images/single_market_page/eos-icon.webp]
[Stoxhaven.com/frontcss/assets/strongfront/images/single_market_page/emc-icon.webp]
[Stoxhaven.com/frontcss/assets/strongfront/images/single_market_page/nmc-icon.webp]
[Stoxhaven.com/frontcss/assets/strongfront/images/single_market_page/ppc-icon.webp]
[Stoxhaven.com/frontcss/assets/strongfront/images/single_market_page/dot-icon.webp]
[Stoxhaven.com/frontcss/assets/strongfront/images/single_market_page/xlm-icon.webp]
[Stoxhaven.com/frontcss/assets/strongfront/images/single_market_page/lnk-icon.webp]
[Stoxhaven.com/frontcss/assets/strongfront/images/single_market_page/dgc-icon.webp]
[Stoxhaven.com/frontcss/assets/strongfront/images/single_market_page/tzs-icon.webp]
[Stoxhaven.com/frontcss/assets/strongfront/images/single_market_page/usp-icon.webp]
[Stoxhaven.com/frontcss/assets/strongfront/images/single_market_page/cdo-icon.webp]
[Stoxhaven.com/frontcss/assets/strongfront/images/single_market_page/bnc-icon.webp]
[Stoxhaven.com/frontcss/assets/strongfront/images/single_market_page/avalanche-icon.webp]
[Stoxhaven.com/frontcss/assets/strongfront/images/single_market_page/luna-icon.webp]
[Stoxhaven.com/frontcss/assets/strongfront/images/single_market_page/polygon-matic-icon.webp]
[Stoxhaven.com/frontcss/assets/strongfront/images/single_market_page/moonbeam-icon.webp]
[Stoxhaven.com/frontcss/assets/strongfront/images/single_market_page/kusama-icon.webp]
[Stoxhaven.com/digitalcurrency.html]
[Stoxhaven.com/futures.html]
[Stoxhaven.com/spreads target=.html]
[static.tradingview.com/static/bundles/tradingview-with-text-logo.6e2e37594ee4de0b1c9c.svg]
[static.tradingview.com/static/bundles/tradingview-with-text-logo-pro.a264d0e4813360aa17e1.svg]
[Stoxhaven.com/cdn-cgi/l/email-protection.html]
[Stoxhaven.com/frontcss/assets/strongfront/update/main-page/next-level/icon.svg]
[Stoxhaven.com/frontcss/assets/strong/plugins/global/fonts/bootstrap-icons/bootstrap-icons1fa40e8900654d2863d011707b9fb6f2.html]
[Stoxhaven.com/frontcss/assets/strong/plugins/global/fonts/bootstrap-icons/bootstrap-icons1fa40e8900654d2863d011707b9fb6f2-2.html]
[Stoxhaven.com/frontcss/assets/strongfront/new/static/bundles/tablet.5ed26c209de7e1b5845d.html]
[Stoxhaven.com/frontcss/assets/strongfront/new/static/bundles/desktop.48bb0acc31aeb2422416.html]
[Stoxhaven.com/assets/global/css/bootstrap.min.css]
[Stoxhaven.com/assets/global/webfonts/fa-brands-400.eot]
[Stoxhaven.com/assets/global/webfonts/fa-brands-400d41d.eot]
[Stoxhaven.com/assets/global/webfonts/fa-brands-400.woff2]
[Stoxhaven.com/assets/global/webfonts/fa-brands-400.woff]
[Stoxhaven.com/assets/global/webfonts/fa-brands-400.ttf]
[Stoxhaven.com/assets/global/webfonts/fa-regular-400.eot]
[Stoxhaven.com/assets/global/webfonts/fa-regular-400d41d.eot]
[Stoxhaven.com/assets/global/webfonts/fa-brands-400.svg]
[Stoxhaven.com/assets/global/webfonts/fa-regular-400.woff2]
[Stoxhaven.com/assets/global/webfonts/fa-regular-400.woff]
[Stoxhaven.com/assets/global/webfonts/fa-regular-400.ttf]
[Stoxhaven.com/assets/global/webfonts/fa-regular-400.svg]
[Stoxhaven.com/assets/global/webfonts/fa-solid-900.eot]
[Stoxhaven.com/assets/global/webfonts/fa-solid-900d41d.eot]
[Stoxhaven.com/assets/global/webfonts/fa-solid-900.woff2]
[Stoxhaven.com/assets/global/webfonts/fa-solid-900.woff]
[Stoxhaven.com/assets/global/webfonts/fa-solid-900.ttf]
[Stoxhaven.com/assets/global/css/all.min.css]
[Stoxhaven.com/assets/global/fonts/la-brands-400.eot]
[Stoxhaven.com/assets/global/webfonts/fa-solid-900.svg]
[Stoxhaven.com/assets/global/fonts/la-brands-400.woff2]
[Stoxhaven.com/assets/global/fonts/la-brands-400.woff]
[Stoxhaven.com/assets/global/fonts/la-brands-400d41d.eot]
[Stoxhaven.com/assets/global/fonts/la-brands-400.ttf]
[Stoxhaven.com/assets/global/fonts/la-regular-400.eot]
[Stoxhaven.com/assets/global/fonts/la-regular-400d41d.eot]
[Stoxhaven.com/assets/global/fonts/la-brands-400.svg]
[Stoxhaven.com/assets/global/fonts/la-regular-400.woff2]
[Stoxhaven.com/assets/global/fonts/la-regular-400.woff]
[Stoxhaven.com/assets/global/fonts/la-regular-400.ttf]
[Stoxhaven.com/assets/global/fonts/la-regular-400.svg]
[Stoxhaven.com/assets/global/fonts/la-solid-900.eot]
[Stoxhaven.com/assets/global/fonts/la-solid-900d41d.eot]
[Stoxhaven.com/assets/global/fonts/la-solid-900.woff2]
[Stoxhaven.com/assets/global/fonts/la-solid-900.woff]
[Stoxhaven.com/assets/global/fonts/la-solid-900.ttf]
[Stoxhaven.com/assets/global/css/line-awesome.min.css]
[Stoxhaven.com/assets/templates/invester/css/lib/animate.css]
[Stoxhaven.com/assets/templates/invester/css/lib/fonts/slick.eot]
[Stoxhaven.com/assets/templates/invester/css/lib/fonts/slickd41d.eot]
[Stoxhaven.com/assets/global/fonts/la-solid-900.svg]
[Stoxhaven.com/assets/templates/invester/css/lib/fonts/slick.woff]
[Stoxhaven.com/assets/templates/invester/css/lib/fonts/slick.ttf]
[Stoxhaven.com/assets/templates/invester/css/lib/fonts/slick.svg]
[Stoxhaven.com/assets/templates/invester/css/lib/slick.css]
[Stoxhaven.com/assets/templates/invester/css/lib/magnific-popup.css]
[Stoxhaven.com/assets/templates/invester/css/lib/apexcharts.css]
[Stoxhaven.com/assets/templates/invester/images/shape.png]
[Stoxhaven.com/assets/templates/invester/css/main.css]
[Stoxhaven.com/assets/templates/invester/css/icons/arrow-left.png]
[Stoxhaven.com/assets/templates/invester/css/icons/arrow-down.png]
[Stoxhaven.com/assets/templates/invester/css/custom.css]
[Stoxhaven.com/assets/templates/invester/css/colordb02.css]
[Stoxhaven.com/cookie/accept]
[Stoxhaven.com/plan.html]
[Stoxhaven.com/frontcss/assets/strongfront/images/email-icon.webp]
[Stoxhaven.com/cookie/accept]
[Stoxhaven.com/contact.html]
[Stoxhaven.com/_https_/d1fyjtrsl71uh.cloudfront.net/images/background-images/online-forex-trading-currency.html]
[Stoxhaven.com/_https_/d1fyjtrsl71uh.cloudfront.net/images/background-images/online-forex-trading-backround-price.html]
[Stoxhaven.com/_https_/d1fyjtrsl71uh.cloudfront.net/images/background-images/online-forex-trading-backround_currency_trading.html]
[Stoxhaven.com/_https_/d1fyjtrsl71uh.cloudfront.net/images/background-images/online-forex-trading-backround-forex-brokers.html]
[Stoxhaven.com/_https_/d1fyjtrsl71uh.cloudfront.net/images/background-images/online-forex-trading-forex-as-investment.html]
[Stoxhaven.com/assets/global/webfonts/fa-brands-400.svg]
[Stoxhaven.com/assets/global/webfonts/fa-regular-400.svg]
[Stoxhaven.com/assets/global/webfonts/fa-solid-900.svg]
[Stoxhaven.com/assets/global/fonts/la-brands-400.svg]
[Stoxhaven.com/assets/global/fonts/la-regular-400.svg]
[Stoxhaven.com/assets/global/fonts/la-solid-900.svg]
[Stoxhaven.com/assets/templates/invester/css/lib/fonts/slick.html]
[Stoxhaven.com/assets/templates/invester/css/lib/fonts/slickd41d.html]
[Stoxhaven.com/assets/templates/invester/css/lib/fonts/slick-2.html]
[Stoxhaven.com/assets/templates/invester/css/lib/fonts/slick-3.html]
[Stoxhaven.com/assets/templates/invester/css/lib/fonts/slick-4.html]
